<?xml version="1.0" encoding="UTF-8"?>
<robot generator="Robot 3.2.2 (Python 3.9.0 on win32)" generated="20201206 14:34:50.928" rpa="false">
<suite id="s1" name="oowlishBDD" source="C:\Users\Gabriel\Desktop\oowlishAutomation\testes\oowlishBDD.robot">
<test id="s1-t1" name="Scenario 01: Invalid login">
<kw name="Open" library="resources" type="setup">
<kw name="Open Browser" library="SeleniumLibrary">
<doc>Opens a new browser instance to the optional ``url``.</doc>
<arguments>
<arg>about:blank</arg>
<arg>${BROWSER}</arg>
</arguments>
<msg timestamp="20201206 14:34:51.159" level="INFO">Opening browser 'chrome' to base url 'about:blank'.</msg>
<status status="PASS" starttime="20201206 14:34:51.159" endtime="20201206 14:34:54.722"></status>
</kw>
<status status="PASS" starttime="20201206 14:34:51.159" endtime="20201206 14:34:54.722"></status>
</kw>
<kw name="Given I am at the login screen" library="resources">
<kw name="Go To" library="SeleniumLibrary">
<doc>Navigates the current browser window to the provided ``url``.</doc>
<arguments>
<arg>${URL}</arg>
</arguments>
<msg timestamp="20201206 14:34:54.723" level="INFO">Opening url 'https://supertracker-app.herokuapp.com/login'</msg>
<status status="PASS" starttime="20201206 14:34:54.723" endtime="20201206 14:34:56.586"></status>
</kw>
<kw name="Wait Until Element Is Visible" library="SeleniumLibrary">
<doc>Waits until the element ``locator`` is visible.</doc>
<arguments>
<arg>css=#root &gt; div.app.d-flex.flex-column &gt; main &gt; div &gt; form &gt; h1</arg>
</arguments>
<status status="PASS" starttime="20201206 14:34:56.587" endtime="20201206 14:34:57.696"></status>
</kw>
<kw name="Title Should Be" library="SeleniumLibrary">
<doc>Verifies that the current page title equals ``title``.</doc>
<arguments>
<arg>Login | SuperTracker</arg>
</arguments>
<msg timestamp="20201206 14:34:57.700" level="INFO">Page title is 'Login | SuperTracker'.</msg>
<status status="PASS" starttime="20201206 14:34:57.696" endtime="20201206 14:34:57.700"></status>
</kw>
<status status="PASS" starttime="20201206 14:34:54.722" endtime="20201206 14:34:57.700"></status>
</kw>
<kw name="When insert an 'email' and a 'password'" library="resources">
<kw name="insert an '${EMAIL}'" library="resources">
<kw name="Run Keyword If" library="BuiltIn">
<doc>Runs the given keyword with the given arguments, if ``condition`` is true.</doc>
<arguments>
<arg>'${EMAIL}' == 'email'</arg>
<arg>Generate email</arg>
</arguments>
<kw name="Generate email" library="resources">
<kw name="Generate Random String" library="String">
<doc>Generates a string with a desired ``length`` from the given ``chars``.</doc>
<assign>
<var>${EMAIL}</var>
</assign>
<msg timestamp="20201206 14:34:57.702" level="INFO">${EMAIL} = J6tET1hR</msg>
<status status="PASS" starttime="20201206 14:34:57.702" endtime="20201206 14:34:57.702"></status>
</kw>
<kw name="Set Test Variable" library="BuiltIn">
<doc>Makes a variable available everywhere within the scope of the current test.</doc>
<arguments>
<arg>${EMAIL}</arg>
</arguments>
<msg timestamp="20201206 14:34:57.703" level="INFO">${EMAIL} = J6tET1hR</msg>
<status status="PASS" starttime="20201206 14:34:57.703" endtime="20201206 14:34:57.703"></status>
</kw>
<kw name="Input Text" library="SeleniumLibrary">
<doc>Types the given ``text`` into the text field identified by ``locator``.</doc>
<arguments>
<arg>xpath=//*[@id="authEmail"]</arg>
<arg>${EMAIL}@oowlish.com</arg>
</arguments>
<msg timestamp="20201206 14:34:57.703" level="INFO">Typing text 'J6tET1hR@oowlish.com' into text field 'xpath=//*[@id="authEmail"]'.</msg>
<status status="PASS" starttime="20201206 14:34:57.703" endtime="20201206 14:34:57.860"></status>
</kw>
<status status="PASS" starttime="20201206 14:34:57.702" endtime="20201206 14:34:57.860"></status>
</kw>
<status status="PASS" starttime="20201206 14:34:57.701" endtime="20201206 14:34:57.860"></status>
</kw>
<kw name="Run Keyword If" library="BuiltIn">
<doc>Runs the given keyword with the given arguments, if ``condition`` is true.</doc>
<arguments>
<arg>'${EMAIL}' != 'email'</arg>
<arg>inserting email '${EMAIL}'</arg>
</arguments>
<kw name="inserting email 'J6tET1hR'" library="resources">
<kw name="Set Test Variable" library="BuiltIn">
<doc>Makes a variable available everywhere within the scope of the current test.</doc>
<arguments>
<arg>${EMAIL}</arg>
</arguments>
<msg timestamp="20201206 14:34:57.863" level="INFO">${EMAIL} = J6tET1hR</msg>
<status status="PASS" starttime="20201206 14:34:57.862" endtime="20201206 14:34:57.863"></status>
</kw>
<kw name="Input Text" library="SeleniumLibrary">
<doc>Types the given ``text`` into the text field identified by ``locator``.</doc>
<arguments>
<arg>xpath=//*[@id="authEmail"]</arg>
<arg>${EMAIL}@oowlish.com</arg>
</arguments>
<msg timestamp="20201206 14:34:57.863" level="INFO">Typing text 'J6tET1hR@oowlish.com' into text field 'xpath=//*[@id="authEmail"]'.</msg>
<status status="PASS" starttime="20201206 14:34:57.863" endtime="20201206 14:34:57.988"></status>
</kw>
<status status="PASS" starttime="20201206 14:34:57.861" endtime="20201206 14:34:57.989"></status>
</kw>
<status status="PASS" starttime="20201206 14:34:57.861" endtime="20201206 14:34:57.989"></status>
</kw>
<status status="PASS" starttime="20201206 14:34:57.701" endtime="20201206 14:34:57.989"></status>
</kw>
<kw name="insert a '${PASSWORD}'" library="resources">
<kw name="Run Keyword If" library="BuiltIn">
<doc>Runs the given keyword with the given arguments, if ``condition`` is true.</doc>
<arguments>
<arg>'${PASSWORD}' == 'password'</arg>
<arg>Generate password</arg>
</arguments>
<kw name="Generate password" library="resources">
<kw name="Generate Random String" library="String">
<doc>Generates a string with a desired ``length`` from the given ``chars``.</doc>
<assign>
<var>${PASSWORD}</var>
</assign>
<msg timestamp="20201206 14:34:57.990" level="INFO">${PASSWORD} = NJrzgVtT</msg>
<status status="PASS" starttime="20201206 14:34:57.990" endtime="20201206 14:34:57.991"></status>
</kw>
<kw name="Set Test Variable" library="BuiltIn">
<doc>Makes a variable available everywhere within the scope of the current test.</doc>
<arguments>
<arg>${PASSWORD}</arg>
</arguments>
<msg timestamp="20201206 14:34:57.991" level="INFO">${PASSWORD} = NJrzgVtT</msg>
<status status="PASS" starttime="20201206 14:34:57.991" endtime="20201206 14:34:57.991"></status>
</kw>
<kw name="Input Text" library="SeleniumLibrary">
<doc>Types the given ``text`` into the text field identified by ``locator``.</doc>
<arguments>
<arg>xpath=//*[@id="authPassword"]</arg>
<arg>${PASSWORD}</arg>
</arguments>
<msg timestamp="20201206 14:34:57.991" level="INFO">Typing text 'NJrzgVtT' into text field 'xpath=//*[@id="authPassword"]'.</msg>
<status status="PASS" starttime="20201206 14:34:57.991" endtime="20201206 14:34:58.103"></status>
</kw>
<status status="PASS" starttime="20201206 14:34:57.990" endtime="20201206 14:34:58.103"></status>
</kw>
<status status="PASS" starttime="20201206 14:34:57.989" endtime="20201206 14:34:58.103"></status>
</kw>
<kw name="Run Keyword If" library="BuiltIn">
<doc>Runs the given keyword with the given arguments, if ``condition`` is true.</doc>
<arguments>
<arg>'${PASSWORD}' != 'password'</arg>
<arg>inserting password '${PASSWORD}'</arg>
</arguments>
<kw name="inserting password 'NJrzgVtT'" library="resources">
<kw name="Set Test Variable" library="BuiltIn">
<doc>Makes a variable available everywhere within the scope of the current test.</doc>
<arguments>
<arg>${PASSWORD}</arg>
</arguments>
<msg timestamp="20201206 14:34:58.104" level="INFO">${PASSWORD} = NJrzgVtT</msg>
<status status="PASS" starttime="20201206 14:34:58.104" endtime="20201206 14:34:58.104"></status>
</kw>
<kw name="Input Text" library="SeleniumLibrary">
<doc>Types the given ``text`` into the text field identified by ``locator``.</doc>
<arguments>
<arg>xpath=//*[@id="authPassword"]</arg>
<arg>${PASSWORD}</arg>
</arguments>
<msg timestamp="20201206 14:34:58.105" level="INFO">Typing text 'NJrzgVtT' into text field 'xpath=//*[@id="authPassword"]'.</msg>
<status status="PASS" starttime="20201206 14:34:58.104" endtime="20201206 14:34:58.193"></status>
</kw>
<status status="PASS" starttime="20201206 14:34:58.103" endtime="20201206 14:34:58.194"></status>
</kw>
<status status="PASS" starttime="20201206 14:34:58.103" endtime="20201206 14:34:58.194"></status>
</kw>
<status status="PASS" starttime="20201206 14:34:57.989" endtime="20201206 14:34:58.194"></status>
</kw>
<status status="PASS" starttime="20201206 14:34:57.700" endtime="20201206 14:34:58.194"></status>
</kw>
<kw name="And I click on login" library="resources">
<kw name="Click Button" library="SeleniumLibrary">
<doc>Clicks the button identified by ``locator``.</doc>
<arguments>
<arg>xpath=//*[@id="root"]/div[1]/main/div/form/button</arg>
</arguments>
<msg timestamp="20201206 14:34:58.196" level="INFO">Clicking button 'xpath=//*[@id="root"]/div[1]/main/div/form/button'.</msg>
<status status="PASS" starttime="20201206 14:34:58.195" endtime="20201206 14:34:58.274"></status>
</kw>
<status status="PASS" starttime="20201206 14:34:58.195" endtime="20201206 14:34:58.274"></status>
</kw>
<kw name="Then receive notification 'There is no user record corresponding to this identifier. The user may have been deleted.'" library="resources">
<kw name="Wait Until Element Is Visible" library="SeleniumLibrary">
<doc>Waits until the element ``locator`` is visible.</doc>
<arguments>
<arg>xpath=//*[@class="Toastify__toast-body"]</arg>
</arguments>
<status status="PASS" starttime="20201206 14:34:58.276" endtime="20201206 14:34:59.357"></status>
</kw>
<kw name="Element Text Should Be" library="SeleniumLibrary">
<doc>Verifies that element ``locator`` contains exact the text ``expected``.</doc>
<arguments>
<arg>xpath=//*[@class="Toastify__toast-body"]</arg>
<arg>${MSG}</arg>
</arguments>
<msg timestamp="20201206 14:34:59.358" level="INFO">Verifying element 'xpath=//*[@class="Toastify__toast-body"]' contains exact text 'There is no user record corresponding to this identifier. The user may have been deleted.'.</msg>
<status status="PASS" starttime="20201206 14:34:59.358" endtime="20201206 14:34:59.386"></status>
</kw>
<status status="PASS" starttime="20201206 14:34:58.275" endtime="20201206 14:34:59.386"></status>
</kw>
<kw name="Close" library="resources" type="teardown">
<kw name="Close Browser" library="SeleniumLibrary">
<doc>Closes the current browser.</doc>
<status status="PASS" starttime="20201206 14:34:59.387" endtime="20201206 14:35:01.716"></status>
</kw>
<status status="PASS" starttime="20201206 14:34:59.386" endtime="20201206 14:35:01.716"></status>
</kw>
<tags>
<tag>Login</tag>
<tag>low</tag>
</tags>
<status status="PASS" starttime="20201206 14:34:51.159" endtime="20201206 14:35:01.716" critical="yes"></status>
</test>
<test id="s1-t2" name="Scenario 02: Invalid password">
<kw name="Open" library="resources" type="setup">
<kw name="Open Browser" library="SeleniumLibrary">
<doc>Opens a new browser instance to the optional ``url``.</doc>
<arguments>
<arg>about:blank</arg>
<arg>${BROWSER}</arg>
</arguments>
<msg timestamp="20201206 14:35:01.718" level="INFO">Opening browser 'chrome' to base url 'about:blank'.</msg>
<status status="PASS" starttime="20201206 14:35:01.718" endtime="20201206 14:35:04.984"></status>
</kw>
<status status="PASS" starttime="20201206 14:35:01.717" endtime="20201206 14:35:04.984"></status>
</kw>
<kw name="Given I am at the login screen" library="resources">
<kw name="Go To" library="SeleniumLibrary">
<doc>Navigates the current browser window to the provided ``url``.</doc>
<arguments>
<arg>${URL}</arg>
</arguments>
<msg timestamp="20201206 14:35:04.985" level="INFO">Opening url 'https://supertracker-app.herokuapp.com/login'</msg>
<status status="PASS" starttime="20201206 14:35:04.984" endtime="20201206 14:35:07.417"></status>
</kw>
<kw name="Wait Until Element Is Visible" library="SeleniumLibrary">
<doc>Waits until the element ``locator`` is visible.</doc>
<arguments>
<arg>css=#root &gt; div.app.d-flex.flex-column &gt; main &gt; div &gt; form &gt; h1</arg>
</arguments>
<status status="PASS" starttime="20201206 14:35:07.418" endtime="20201206 14:35:08.714"></status>
</kw>
<kw name="Title Should Be" library="SeleniumLibrary">
<doc>Verifies that the current page title equals ``title``.</doc>
<arguments>
<arg>Login | SuperTracker</arg>
</arguments>
<msg timestamp="20201206 14:35:08.728" level="INFO">Page title is 'Login | SuperTracker'.</msg>
<status status="PASS" starttime="20201206 14:35:08.714" endtime="20201206 14:35:08.728"></status>
</kw>
<status status="PASS" starttime="20201206 14:35:04.984" endtime="20201206 14:35:08.729"></status>
</kw>
<kw name="When insert an 'gabriel' and a 'password'" library="resources">
<kw name="insert an '${EMAIL}'" library="resources">
<kw name="Run Keyword If" library="BuiltIn">
<doc>Runs the given keyword with the given arguments, if ``condition`` is true.</doc>
<arguments>
<arg>'${EMAIL}' == 'email'</arg>
<arg>Generate email</arg>
</arguments>
<status status="PASS" starttime="20201206 14:35:08.731" endtime="20201206 14:35:08.732"></status>
</kw>
<kw name="Run Keyword If" library="BuiltIn">
<doc>Runs the given keyword with the given arguments, if ``condition`` is true.</doc>
<arguments>
<arg>'${EMAIL}' != 'email'</arg>
<arg>inserting email '${EMAIL}'</arg>
</arguments>
<kw name="inserting email 'gabriel'" library="resources">
<kw name="Set Test Variable" library="BuiltIn">
<doc>Makes a variable available everywhere within the scope of the current test.</doc>
<arguments>
<arg>${EMAIL}</arg>
</arguments>
<msg timestamp="20201206 14:35:08.734" level="INFO">${EMAIL} = gabriel</msg>
<status status="PASS" starttime="20201206 14:35:08.733" endtime="20201206 14:35:08.734"></status>
</kw>
<kw name="Input Text" library="SeleniumLibrary">
<doc>Types the given ``text`` into the text field identified by ``locator``.</doc>
<arguments>
<arg>xpath=//*[@id="authEmail"]</arg>
<arg>${EMAIL}@oowlish.com</arg>
</arguments>
<msg timestamp="20201206 14:35:08.734" level="INFO">Typing text 'gabriel@oowlish.com' into text field 'xpath=//*[@id="authEmail"]'.</msg>
<status status="PASS" starttime="20201206 14:35:08.734" endtime="20201206 14:35:08.960"></status>
</kw>
<status status="PASS" starttime="20201206 14:35:08.733" endtime="20201206 14:35:08.960"></status>
</kw>
<status status="PASS" starttime="20201206 14:35:08.732" endtime="20201206 14:35:08.960"></status>
</kw>
<status status="PASS" starttime="20201206 14:35:08.730" endtime="20201206 14:35:08.961"></status>
</kw>
<kw name="insert a '${PASSWORD}'" library="resources">
<kw name="Run Keyword If" library="BuiltIn">
<doc>Runs the given keyword with the given arguments, if ``condition`` is true.</doc>
<arguments>
<arg>'${PASSWORD}' == 'password'</arg>
<arg>Generate password</arg>
</arguments>
<kw name="Generate password" library="resources">
<kw name="Generate Random String" library="String">
<doc>Generates a string with a desired ``length`` from the given ``chars``.</doc>
<assign>
<var>${PASSWORD}</var>
</assign>
<msg timestamp="20201206 14:35:08.963" level="INFO">${PASSWORD} = A1V1G6QZ</msg>
<status status="PASS" starttime="20201206 14:35:08.963" endtime="20201206 14:35:08.963"></status>
</kw>
<kw name="Set Test Variable" library="BuiltIn">
<doc>Makes a variable available everywhere within the scope of the current test.</doc>
<arguments>
<arg>${PASSWORD}</arg>
</arguments>
<msg timestamp="20201206 14:35:08.964" level="INFO">${PASSWORD} = A1V1G6QZ</msg>
<status status="PASS" starttime="20201206 14:35:08.963" endtime="20201206 14:35:08.964"></status>
</kw>
<kw name="Input Text" library="SeleniumLibrary">
<doc>Types the given ``text`` into the text field identified by ``locator``.</doc>
<arguments>
<arg>xpath=//*[@id="authPassword"]</arg>
<arg>${PASSWORD}</arg>
</arguments>
<msg timestamp="20201206 14:35:08.964" level="INFO">Typing text 'A1V1G6QZ' into text field 'xpath=//*[@id="authPassword"]'.</msg>
<status status="PASS" starttime="20201206 14:35:08.964" endtime="20201206 14:35:09.092"></status>
</kw>
<status status="PASS" starttime="20201206 14:35:08.962" endtime="20201206 14:35:09.092"></status>
</kw>
<status status="PASS" starttime="20201206 14:35:08.962" endtime="20201206 14:35:09.092"></status>
</kw>
<kw name="Run Keyword If" library="BuiltIn">
<doc>Runs the given keyword with the given arguments, if ``condition`` is true.</doc>
<arguments>
<arg>'${PASSWORD}' != 'password'</arg>
<arg>inserting password '${PASSWORD}'</arg>
</arguments>
<kw name="inserting password 'A1V1G6QZ'" library="resources">
<kw name="Set Test Variable" library="BuiltIn">
<doc>Makes a variable available everywhere within the scope of the current test.</doc>
<arguments>
<arg>${PASSWORD}</arg>
</arguments>
<msg timestamp="20201206 14:35:09.094" level="INFO">${PASSWORD} = A1V1G6QZ</msg>
<status status="PASS" starttime="20201206 14:35:09.093" endtime="20201206 14:35:09.094"></status>
</kw>
<kw name="Input Text" library="SeleniumLibrary">
<doc>Types the given ``text`` into the text field identified by ``locator``.</doc>
<arguments>
<arg>xpath=//*[@id="authPassword"]</arg>
<arg>${PASSWORD}</arg>
</arguments>
<msg timestamp="20201206 14:35:09.094" level="INFO">Typing text 'A1V1G6QZ' into text field 'xpath=//*[@id="authPassword"]'.</msg>
<status status="PASS" starttime="20201206 14:35:09.094" endtime="20201206 14:35:09.195"></status>
</kw>
<status status="PASS" starttime="20201206 14:35:09.093" endtime="20201206 14:35:09.195"></status>
</kw>
<status status="PASS" starttime="20201206 14:35:09.092" endtime="20201206 14:35:09.195"></status>
</kw>
<status status="PASS" starttime="20201206 14:35:08.961" endtime="20201206 14:35:09.195"></status>
</kw>
<status status="PASS" starttime="20201206 14:35:08.729" endtime="20201206 14:35:09.195"></status>
</kw>
<kw name="And I click on login" library="resources">
<kw name="Click Button" library="SeleniumLibrary">
<doc>Clicks the button identified by ``locator``.</doc>
<arguments>
<arg>xpath=//*[@id="root"]/div[1]/main/div/form/button</arg>
</arguments>
<msg timestamp="20201206 14:35:09.197" level="INFO">Clicking button 'xpath=//*[@id="root"]/div[1]/main/div/form/button'.</msg>
<status status="PASS" starttime="20201206 14:35:09.196" endtime="20201206 14:35:09.293"></status>
</kw>
<status status="PASS" starttime="20201206 14:35:09.196" endtime="20201206 14:35:09.293"></status>
</kw>
<kw name="Then receive notification 'The password is invalid or the user does not have a password.'" library="resources">
<kw name="Wait Until Element Is Visible" library="SeleniumLibrary">
<doc>Waits until the element ``locator`` is visible.</doc>
<arguments>
<arg>xpath=//*[@class="Toastify__toast-body"]</arg>
</arguments>
<status status="PASS" starttime="20201206 14:35:09.294" endtime="20201206 14:35:10.381"></status>
</kw>
<kw name="Element Text Should Be" library="SeleniumLibrary">
<doc>Verifies that element ``locator`` contains exact the text ``expected``.</doc>
<arguments>
<arg>xpath=//*[@class="Toastify__toast-body"]</arg>
<arg>${MSG}</arg>
</arguments>
<msg timestamp="20201206 14:35:10.381" level="INFO">Verifying element 'xpath=//*[@class="Toastify__toast-body"]' contains exact text 'The password is invalid or the user does not have a password.'.</msg>
<status status="PASS" starttime="20201206 14:35:10.381" endtime="20201206 14:35:10.413"></status>
</kw>
<status status="PASS" starttime="20201206 14:35:09.293" endtime="20201206 14:35:10.413"></status>
</kw>
<kw name="Close" library="resources" type="teardown">
<kw name="Close Browser" library="SeleniumLibrary">
<doc>Closes the current browser.</doc>
<status status="PASS" starttime="20201206 14:35:10.413" endtime="20201206 14:35:13.174"></status>
</kw>
<status status="PASS" starttime="20201206 14:35:10.413" endtime="20201206 14:35:13.174"></status>
</kw>
<tags>
<tag>Login</tag>
<tag>low</tag>
</tags>
<status status="PASS" starttime="20201206 14:35:01.717" endtime="20201206 14:35:13.174" critical="yes"></status>
</test>
<test id="s1-t3" name="Scenario 03: Login success">
<kw name="Open" library="resources" type="setup">
<kw name="Open Browser" library="SeleniumLibrary">
<doc>Opens a new browser instance to the optional ``url``.</doc>
<arguments>
<arg>about:blank</arg>
<arg>${BROWSER}</arg>
</arguments>
<msg timestamp="20201206 14:35:13.174" level="INFO">Opening browser 'chrome' to base url 'about:blank'.</msg>
<status status="PASS" starttime="20201206 14:35:13.174" endtime="20201206 14:35:16.457"></status>
</kw>
<status status="PASS" starttime="20201206 14:35:13.174" endtime="20201206 14:35:16.457"></status>
</kw>
<kw name="Given I am at the login screen" library="resources">
<kw name="Go To" library="SeleniumLibrary">
<doc>Navigates the current browser window to the provided ``url``.</doc>
<arguments>
<arg>${URL}</arg>
</arguments>
<msg timestamp="20201206 14:35:16.459" level="INFO">Opening url 'https://supertracker-app.herokuapp.com/login'</msg>
<status status="PASS" starttime="20201206 14:35:16.459" endtime="20201206 14:35:18.100"></status>
</kw>
<kw name="Wait Until Element Is Visible" library="SeleniumLibrary">
<doc>Waits until the element ``locator`` is visible.</doc>
<arguments>
<arg>css=#root &gt; div.app.d-flex.flex-column &gt; main &gt; div &gt; form &gt; h1</arg>
</arguments>
<status status="PASS" starttime="20201206 14:35:18.100" endtime="20201206 14:35:19.175"></status>
</kw>
<kw name="Title Should Be" library="SeleniumLibrary">
<doc>Verifies that the current page title equals ``title``.</doc>
<arguments>
<arg>Login | SuperTracker</arg>
</arguments>
<msg timestamp="20201206 14:35:19.175" level="INFO">Page title is 'Login | SuperTracker'.</msg>
<status status="PASS" starttime="20201206 14:35:19.175" endtime="20201206 14:35:19.175"></status>
</kw>
<status status="PASS" starttime="20201206 14:35:16.458" endtime="20201206 14:35:19.175"></status>
</kw>
<kw name="When insert an 'gabriel' and a '123456'" library="resources">
<kw name="insert an '${EMAIL}'" library="resources">
<kw name="Run Keyword If" library="BuiltIn">
<doc>Runs the given keyword with the given arguments, if ``condition`` is true.</doc>
<arguments>
<arg>'${EMAIL}' == 'email'</arg>
<arg>Generate email</arg>
</arguments>
<status status="PASS" starttime="20201206 14:35:19.175" endtime="20201206 14:35:19.175"></status>
</kw>
<kw name="Run Keyword If" library="BuiltIn">
<doc>Runs the given keyword with the given arguments, if ``condition`` is true.</doc>
<arguments>
<arg>'${EMAIL}' != 'email'</arg>
<arg>inserting email '${EMAIL}'</arg>
</arguments>
<kw name="inserting email 'gabriel'" library="resources">
<kw name="Set Test Variable" library="BuiltIn">
<doc>Makes a variable available everywhere within the scope of the current test.</doc>
<arguments>
<arg>${EMAIL}</arg>
</arguments>
<msg timestamp="20201206 14:35:19.175" level="INFO">${EMAIL} = gabriel</msg>
<status status="PASS" starttime="20201206 14:35:19.175" endtime="20201206 14:35:19.175"></status>
</kw>
<kw name="Input Text" library="SeleniumLibrary">
<doc>Types the given ``text`` into the text field identified by ``locator``.</doc>
<arguments>
<arg>xpath=//*[@id="authEmail"]</arg>
<arg>${EMAIL}@oowlish.com</arg>
</arguments>
<msg timestamp="20201206 14:35:19.175" level="INFO">Typing text 'gabriel@oowlish.com' into text field 'xpath=//*[@id="authEmail"]'.</msg>
<status status="PASS" starttime="20201206 14:35:19.175" endtime="20201206 14:35:19.344"></status>
</kw>
<status status="PASS" starttime="20201206 14:35:19.175" endtime="20201206 14:35:19.344"></status>
</kw>
<status status="PASS" starttime="20201206 14:35:19.175" endtime="20201206 14:35:19.344"></status>
</kw>
<status status="PASS" starttime="20201206 14:35:19.175" endtime="20201206 14:35:19.345"></status>
</kw>
<kw name="insert a '${PASSWORD}'" library="resources">
<kw name="Run Keyword If" library="BuiltIn">
<doc>Runs the given keyword with the given arguments, if ``condition`` is true.</doc>
<arguments>
<arg>'${PASSWORD}' == 'password'</arg>
<arg>Generate password</arg>
</arguments>
<status status="PASS" starttime="20201206 14:35:19.346" endtime="20201206 14:35:19.347"></status>
</kw>
<kw name="Run Keyword If" library="BuiltIn">
<doc>Runs the given keyword with the given arguments, if ``condition`` is true.</doc>
<arguments>
<arg>'${PASSWORD}' != 'password'</arg>
<arg>inserting password '${PASSWORD}'</arg>
</arguments>
<kw name="inserting password '123456'" library="resources">
<kw name="Set Test Variable" library="BuiltIn">
<doc>Makes a variable available everywhere within the scope of the current test.</doc>
<arguments>
<arg>${PASSWORD}</arg>
</arguments>
<msg timestamp="20201206 14:35:19.349" level="INFO">${PASSWORD} = 123456</msg>
<status status="PASS" starttime="20201206 14:35:19.348" endtime="20201206 14:35:19.349"></status>
</kw>
<kw name="Input Text" library="SeleniumLibrary">
<doc>Types the given ``text`` into the text field identified by ``locator``.</doc>
<arguments>
<arg>xpath=//*[@id="authPassword"]</arg>
<arg>${PASSWORD}</arg>
</arguments>
<msg timestamp="20201206 14:35:19.349" level="INFO">Typing text '123456' into text field 'xpath=//*[@id="authPassword"]'.</msg>
<status status="PASS" starttime="20201206 14:35:19.349" endtime="20201206 14:35:19.500"></status>
</kw>
<status status="PASS" starttime="20201206 14:35:19.348" endtime="20201206 14:35:19.501"></status>
</kw>
<status status="PASS" starttime="20201206 14:35:19.347" endtime="20201206 14:35:19.501"></status>
</kw>
<status status="PASS" starttime="20201206 14:35:19.345" endtime="20201206 14:35:19.501"></status>
</kw>
<status status="PASS" starttime="20201206 14:35:19.175" endtime="20201206 14:35:19.501"></status>
</kw>
<kw name="And I click on login" library="resources">
<kw name="Click Button" library="SeleniumLibrary">
<doc>Clicks the button identified by ``locator``.</doc>
<arguments>
<arg>xpath=//*[@id="root"]/div[1]/main/div/form/button</arg>
</arguments>
<msg timestamp="20201206 14:35:19.502" level="INFO">Clicking button 'xpath=//*[@id="root"]/div[1]/main/div/form/button'.</msg>
<status status="PASS" starttime="20201206 14:35:19.501" endtime="20201206 14:35:19.578"></status>
</kw>
<status status="PASS" starttime="20201206 14:35:19.501" endtime="20201206 14:35:19.579"></status>
</kw>
<kw name="Then you will be logged in" library="resources">
<kw name="Wait Until Element Is Visible" library="SeleniumLibrary">
<doc>Waits until the element ``locator`` is visible.</doc>
<arguments>
<arg>xpath=//*[@id="root"]/div[1]/main/div[1]/div/div/button</arg>
</arguments>
<status status="PASS" starttime="20201206 14:35:19.580" endtime="20201206 14:35:21.904"></status>
</kw>
<kw name="Wait Until Element Is Visible" library="SeleniumLibrary">
<doc>Waits until the element ``locator`` is visible.</doc>
<arguments>
<arg>xpath=//*[@id="root"]/div[1]/main/div[2]/div/div/div[1]</arg>
</arguments>
<status status="PASS" starttime="20201206 14:35:21.904" endtime="20201206 14:35:21.931"></status>
</kw>
<kw name="Title Should Be" library="SeleniumLibrary">
<doc>Verifies that the current page title equals ``title``.</doc>
<arguments>
<arg>Timesheet | SuperTracker</arg>
</arguments>
<msg timestamp="20201206 14:35:21.935" level="INFO">Page title is 'Timesheet | SuperTracker'.</msg>
<status status="PASS" starttime="20201206 14:35:21.931" endtime="20201206 14:35:21.935"></status>
</kw>
<status status="PASS" starttime="20201206 14:35:19.579" endtime="20201206 14:35:21.935"></status>
</kw>
<kw name="Close" library="resources" type="teardown">
<kw name="Close Browser" library="SeleniumLibrary">
<doc>Closes the current browser.</doc>
<status status="PASS" starttime="20201206 14:35:21.936" endtime="20201206 14:35:24.178"></status>
</kw>
<status status="PASS" starttime="20201206 14:35:21.935" endtime="20201206 14:35:24.178"></status>
</kw>
<tags>
<tag>high</tag>
<tag>Login</tag>
</tags>
<status status="PASS" starttime="20201206 14:35:13.174" endtime="20201206 14:35:24.178" critical="yes"></status>
</test>
<test id="s1-t4" name="Scenario 04: Many logins failed">
<kw name="Open" library="resources" type="setup">
<kw name="Open Browser" library="SeleniumLibrary">
<doc>Opens a new browser instance to the optional ``url``.</doc>
<arguments>
<arg>about:blank</arg>
<arg>${BROWSER}</arg>
</arguments>
<msg timestamp="20201206 14:35:24.178" level="INFO">Opening browser 'chrome' to base url 'about:blank'.</msg>
<status status="PASS" starttime="20201206 14:35:24.178" endtime="20201206 14:35:27.768"></status>
</kw>
<status status="PASS" starttime="20201206 14:35:24.178" endtime="20201206 14:35:27.768"></status>
</kw>
<kw name="Given I am at the login screen" library="resources">
<kw name="Go To" library="SeleniumLibrary">
<doc>Navigates the current browser window to the provided ``url``.</doc>
<arguments>
<arg>${URL}</arg>
</arguments>
<msg timestamp="20201206 14:35:27.770" level="INFO">Opening url 'https://supertracker-app.herokuapp.com/login'</msg>
<status status="PASS" starttime="20201206 14:35:27.768" endtime="20201206 14:35:29.755"></status>
</kw>
<kw name="Wait Until Element Is Visible" library="SeleniumLibrary">
<doc>Waits until the element ``locator`` is visible.</doc>
<arguments>
<arg>css=#root &gt; div.app.d-flex.flex-column &gt; main &gt; div &gt; form &gt; h1</arg>
</arguments>
<status status="PASS" starttime="20201206 14:35:29.755" endtime="20201206 14:35:31.363"></status>
</kw>
<kw name="Title Should Be" library="SeleniumLibrary">
<doc>Verifies that the current page title equals ``title``.</doc>
<arguments>
<arg>Login | SuperTracker</arg>
</arguments>
<msg timestamp="20201206 14:35:31.371" level="INFO">Page title is 'Login | SuperTracker'.</msg>
<status status="PASS" starttime="20201206 14:35:31.363" endtime="20201206 14:35:31.371"></status>
</kw>
<status status="PASS" starttime="20201206 14:35:27.768" endtime="20201206 14:35:31.371"></status>
</kw>
<kw name="When insert an 'teste' and a 'password'" library="resources">
<kw name="insert an '${EMAIL}'" library="resources">
<kw name="Run Keyword If" library="BuiltIn">
<doc>Runs the given keyword with the given arguments, if ``condition`` is true.</doc>
<arguments>
<arg>'${EMAIL}' == 'email'</arg>
<arg>Generate email</arg>
</arguments>
<status status="PASS" starttime="20201206 14:35:31.371" endtime="20201206 14:35:31.371"></status>
</kw>
<kw name="Run Keyword If" library="BuiltIn">
<doc>Runs the given keyword with the given arguments, if ``condition`` is true.</doc>
<arguments>
<arg>'${EMAIL}' != 'email'</arg>
<arg>inserting email '${EMAIL}'</arg>
</arguments>
<kw name="inserting email 'teste'" library="resources">
<kw name="Set Test Variable" library="BuiltIn">
<doc>Makes a variable available everywhere within the scope of the current test.</doc>
<arguments>
<arg>${EMAIL}</arg>
</arguments>
<msg timestamp="20201206 14:35:31.371" level="INFO">${EMAIL} = teste</msg>
<status status="PASS" starttime="20201206 14:35:31.371" endtime="20201206 14:35:31.371"></status>
</kw>
<kw name="Input Text" library="SeleniumLibrary">
<doc>Types the given ``text`` into the text field identified by ``locator``.</doc>
<arguments>
<arg>xpath=//*[@id="authEmail"]</arg>
<arg>${EMAIL}@oowlish.com</arg>
</arguments>
<msg timestamp="20201206 14:35:31.371" level="INFO">Typing text 'teste@oowlish.com' into text field 'xpath=//*[@id="authEmail"]'.</msg>
<status status="PASS" starttime="20201206 14:35:31.371" endtime="20201206 14:35:31.518"></status>
</kw>
<status status="PASS" starttime="20201206 14:35:31.371" endtime="20201206 14:35:31.518"></status>
</kw>
<status status="PASS" starttime="20201206 14:35:31.371" endtime="20201206 14:35:31.518"></status>
</kw>
<status status="PASS" starttime="20201206 14:35:31.371" endtime="20201206 14:35:31.518"></status>
</kw>
<kw name="insert a '${PASSWORD}'" library="resources">
<kw name="Run Keyword If" library="BuiltIn">
<doc>Runs the given keyword with the given arguments, if ``condition`` is true.</doc>
<arguments>
<arg>'${PASSWORD}' == 'password'</arg>
<arg>Generate password</arg>
</arguments>
<kw name="Generate password" library="resources">
<kw name="Generate Random String" library="String">
<doc>Generates a string with a desired ``length`` from the given ``chars``.</doc>
<assign>
<var>${PASSWORD}</var>
</assign>
<msg timestamp="20201206 14:35:31.523" level="INFO">${PASSWORD} = LG4a6pVM</msg>
<status status="PASS" starttime="20201206 14:35:31.522" endtime="20201206 14:35:31.523"></status>
</kw>
<kw name="Set Test Variable" library="BuiltIn">
<doc>Makes a variable available everywhere within the scope of the current test.</doc>
<arguments>
<arg>${PASSWORD}</arg>
</arguments>
<msg timestamp="20201206 14:35:31.524" level="INFO">${PASSWORD} = LG4a6pVM</msg>
<status status="PASS" starttime="20201206 14:35:31.523" endtime="20201206 14:35:31.524"></status>
</kw>
<kw name="Input Text" library="SeleniumLibrary">
<doc>Types the given ``text`` into the text field identified by ``locator``.</doc>
<arguments>
<arg>xpath=//*[@id="authPassword"]</arg>
<arg>${PASSWORD}</arg>
</arguments>
<msg timestamp="20201206 14:35:31.524" level="INFO">Typing text 'LG4a6pVM' into text field 'xpath=//*[@id="authPassword"]'.</msg>
<status status="PASS" starttime="20201206 14:35:31.524" endtime="20201206 14:35:31.636"></status>
</kw>
<status status="PASS" starttime="20201206 14:35:31.520" endtime="20201206 14:35:31.636"></status>
</kw>
<status status="PASS" starttime="20201206 14:35:31.519" endtime="20201206 14:35:31.636"></status>
</kw>
<kw name="Run Keyword If" library="BuiltIn">
<doc>Runs the given keyword with the given arguments, if ``condition`` is true.</doc>
<arguments>
<arg>'${PASSWORD}' != 'password'</arg>
<arg>inserting password '${PASSWORD}'</arg>
</arguments>
<kw name="inserting password 'LG4a6pVM'" library="resources">
<kw name="Set Test Variable" library="BuiltIn">
<doc>Makes a variable available everywhere within the scope of the current test.</doc>
<arguments>
<arg>${PASSWORD}</arg>
</arguments>
<msg timestamp="20201206 14:35:31.639" level="INFO">${PASSWORD} = LG4a6pVM</msg>
<status status="PASS" starttime="20201206 14:35:31.638" endtime="20201206 14:35:31.639"></status>
</kw>
<kw name="Input Text" library="SeleniumLibrary">
<doc>Types the given ``text`` into the text field identified by ``locator``.</doc>
<arguments>
<arg>xpath=//*[@id="authPassword"]</arg>
<arg>${PASSWORD}</arg>
</arguments>
<msg timestamp="20201206 14:35:31.639" level="INFO">Typing text 'LG4a6pVM' into text field 'xpath=//*[@id="authPassword"]'.</msg>
<status status="PASS" starttime="20201206 14:35:31.639" endtime="20201206 14:35:31.726"></status>
</kw>
<status status="PASS" starttime="20201206 14:35:31.637" endtime="20201206 14:35:31.727"></status>
</kw>
<status status="PASS" starttime="20201206 14:35:31.636" endtime="20201206 14:35:31.727"></status>
</kw>
<status status="PASS" starttime="20201206 14:35:31.518" endtime="20201206 14:35:31.727"></status>
</kw>
<status status="PASS" starttime="20201206 14:35:31.371" endtime="20201206 14:35:31.727"></status>
</kw>
<kw name="And I try to login many times" library="resources">
<kw name="Repeat Keyword" library="BuiltIn">
<doc>Executes the specified keyword multiple times.</doc>
<arguments>
<arg>6x</arg>
<arg>Login many times</arg>
</arguments>
<msg timestamp="20201206 14:35:31.728" level="INFO">Repeating keyword, round 1/6.</msg>
<kw name="Login many times" library="resources">
<kw name="Click Button" library="SeleniumLibrary">
<doc>Clicks the button identified by ``locator``.</doc>
<arguments>
<arg>xpath=//*[@id="root"]/div[1]/main/div/form/button</arg>
</arguments>
<msg timestamp="20201206 14:35:31.730" level="INFO">Clicking button 'xpath=//*[@id="root"]/div[1]/main/div/form/button'.</msg>
<status status="PASS" starttime="20201206 14:35:31.729" endtime="20201206 14:35:31.817"></status>
</kw>
<kw name="Sleep" library="BuiltIn">
<doc>Pauses the test executed for the given time.</doc>
<arguments>
<arg>3s</arg>
</arguments>
<msg timestamp="20201206 14:35:34.819" level="INFO">Slept 3 seconds</msg>
<status status="PASS" starttime="20201206 14:35:31.817" endtime="20201206 14:35:34.819"></status>
</kw>
<status status="PASS" starttime="20201206 14:35:31.729" endtime="20201206 14:35:34.820"></status>
</kw>
<msg timestamp="20201206 14:35:34.820" level="INFO">Repeating keyword, round 2/6.</msg>
<kw name="Login many times" library="resources">
<kw name="Click Button" library="SeleniumLibrary">
<doc>Clicks the button identified by ``locator``.</doc>
<arguments>
<arg>xpath=//*[@id="root"]/div[1]/main/div/form/button</arg>
</arguments>
<msg timestamp="20201206 14:35:34.820" level="INFO">Clicking button 'xpath=//*[@id="root"]/div[1]/main/div/form/button'.</msg>
<status status="PASS" starttime="20201206 14:35:34.820" endtime="20201206 14:35:34.873"></status>
</kw>
<kw name="Sleep" library="BuiltIn">
<doc>Pauses the test executed for the given time.</doc>
<arguments>
<arg>3s</arg>
</arguments>
<msg timestamp="20201206 14:35:37.875" level="INFO">Slept 3 seconds</msg>
<status status="PASS" starttime="20201206 14:35:34.873" endtime="20201206 14:35:37.875"></status>
</kw>
<status status="PASS" starttime="20201206 14:35:34.820" endtime="20201206 14:35:37.875"></status>
</kw>
<msg timestamp="20201206 14:35:37.875" level="INFO">Repeating keyword, round 3/6.</msg>
<kw name="Login many times" library="resources">
<kw name="Click Button" library="SeleniumLibrary">
<doc>Clicks the button identified by ``locator``.</doc>
<arguments>
<arg>xpath=//*[@id="root"]/div[1]/main/div/form/button</arg>
</arguments>
<msg timestamp="20201206 14:35:37.877" level="INFO">Clicking button 'xpath=//*[@id="root"]/div[1]/main/div/form/button'.</msg>
<status status="PASS" starttime="20201206 14:35:37.876" endtime="20201206 14:35:37.963"></status>
</kw>
<kw name="Sleep" library="BuiltIn">
<doc>Pauses the test executed for the given time.</doc>
<arguments>
<arg>3s</arg>
</arguments>
<msg timestamp="20201206 14:35:40.964" level="INFO">Slept 3 seconds</msg>
<status status="PASS" starttime="20201206 14:35:37.963" endtime="20201206 14:35:40.966"></status>
</kw>
<status status="PASS" starttime="20201206 14:35:37.876" endtime="20201206 14:35:40.967"></status>
</kw>
<msg timestamp="20201206 14:35:40.968" level="INFO">Repeating keyword, round 4/6.</msg>
<kw name="Login many times" library="resources">
<kw name="Click Button" library="SeleniumLibrary">
<doc>Clicks the button identified by ``locator``.</doc>
<arguments>
<arg>xpath=//*[@id="root"]/div[1]/main/div/form/button</arg>
</arguments>
<msg timestamp="20201206 14:35:40.970" level="INFO">Clicking button 'xpath=//*[@id="root"]/div[1]/main/div/form/button'.</msg>
<status status="PASS" starttime="20201206 14:35:40.969" endtime="20201206 14:35:41.061"></status>
</kw>
<kw name="Sleep" library="BuiltIn">
<doc>Pauses the test executed for the given time.</doc>
<arguments>
<arg>3s</arg>
</arguments>
<msg timestamp="20201206 14:35:44.062" level="INFO">Slept 3 seconds</msg>
<status status="PASS" starttime="20201206 14:35:41.062" endtime="20201206 14:35:44.063"></status>
</kw>
<status status="PASS" starttime="20201206 14:35:40.968" endtime="20201206 14:35:44.064"></status>
</kw>
<msg timestamp="20201206 14:35:44.064" level="INFO">Repeating keyword, round 5/6.</msg>
<kw name="Login many times" library="resources">
<kw name="Click Button" library="SeleniumLibrary">
<doc>Clicks the button identified by ``locator``.</doc>
<arguments>
<arg>xpath=//*[@id="root"]/div[1]/main/div/form/button</arg>
</arguments>
<msg timestamp="20201206 14:35:44.067" level="INFO">Clicking button 'xpath=//*[@id="root"]/div[1]/main/div/form/button'.</msg>
<status status="PASS" starttime="20201206 14:35:44.066" endtime="20201206 14:35:44.175"></status>
</kw>
<kw name="Sleep" library="BuiltIn">
<doc>Pauses the test executed for the given time.</doc>
<arguments>
<arg>3s</arg>
</arguments>
<msg timestamp="20201206 14:35:47.177" level="INFO">Slept 3 seconds</msg>
<status status="PASS" starttime="20201206 14:35:44.176" endtime="20201206 14:35:47.178"></status>
</kw>
<status status="PASS" starttime="20201206 14:35:44.065" endtime="20201206 14:35:47.179"></status>
</kw>
<msg timestamp="20201206 14:35:47.179" level="INFO">Repeating keyword, round 6/6.</msg>
<kw name="Login many times" library="resources">
<kw name="Click Button" library="SeleniumLibrary">
<doc>Clicks the button identified by ``locator``.</doc>
<arguments>
<arg>xpath=//*[@id="root"]/div[1]/main/div/form/button</arg>
</arguments>
<msg timestamp="20201206 14:35:47.182" level="INFO">Clicking button 'xpath=//*[@id="root"]/div[1]/main/div/form/button'.</msg>
<status status="PASS" starttime="20201206 14:35:47.181" endtime="20201206 14:35:47.257"></status>
</kw>
<kw name="Sleep" library="BuiltIn">
<doc>Pauses the test executed for the given time.</doc>
<arguments>
<arg>3s</arg>
</arguments>
<msg timestamp="20201206 14:35:50.258" level="INFO">Slept 3 seconds</msg>
<status status="PASS" starttime="20201206 14:35:47.257" endtime="20201206 14:35:50.258"></status>
</kw>
<status status="PASS" starttime="20201206 14:35:47.180" endtime="20201206 14:35:50.259"></status>
</kw>
<status status="PASS" starttime="20201206 14:35:31.728" endtime="20201206 14:35:50.260"></status>
</kw>
<status status="PASS" starttime="20201206 14:35:31.727" endtime="20201206 14:35:50.261"></status>
</kw>
<kw name="Then receive notification 'Access to this account has been temporarily disabled due to many failed login attempts. You can immediately restore it by resetting your password or you can try again later.'" library="resources">
<kw name="Wait Until Element Is Visible" library="SeleniumLibrary">
<doc>Waits until the element ``locator`` is visible.</doc>
<arguments>
<arg>xpath=//*[@class="Toastify__toast-body"]</arg>
</arguments>
<status status="PASS" starttime="20201206 14:35:50.263" endtime="20201206 14:35:50.845"></status>
</kw>
<kw name="Element Text Should Be" library="SeleniumLibrary">
<doc>Verifies that element ``locator`` contains exact the text ``expected``.</doc>
<arguments>
<arg>xpath=//*[@class="Toastify__toast-body"]</arg>
<arg>${MSG}</arg>
</arguments>
<msg timestamp="20201206 14:35:50.846" level="INFO">Verifying element 'xpath=//*[@class="Toastify__toast-body"]' contains exact text 'Access to this account has been temporarily disabled due to many failed login attempts. You can immediately restore it by resetting your password or you can try again later.'.</msg>
<status status="PASS" starttime="20201206 14:35:50.845" endtime="20201206 14:35:50.873"></status>
</kw>
<status status="PASS" starttime="20201206 14:35:50.262" endtime="20201206 14:35:50.873"></status>
</kw>
<kw name="Close" library="resources" type="teardown">
<kw name="Close Browser" library="SeleniumLibrary">
<doc>Closes the current browser.</doc>
<status status="PASS" starttime="20201206 14:35:50.874" endtime="20201206 14:35:53.049"></status>
</kw>
<status status="PASS" starttime="20201206 14:35:50.874" endtime="20201206 14:35:53.050"></status>
</kw>
<tags>
<tag>Login</tag>
<tag>low</tag>
</tags>
<status status="PASS" starttime="20201206 14:35:24.178" endtime="20201206 14:35:53.050" critical="yes"></status>
</test>
<test id="s1-t5" name="Scenario 05: Register user with any email">
<kw name="Open" library="resources" type="setup">
<kw name="Open Browser" library="SeleniumLibrary">
<doc>Opens a new browser instance to the optional ``url``.</doc>
<arguments>
<arg>about:blank</arg>
<arg>${BROWSER}</arg>
</arguments>
<msg timestamp="20201206 14:35:53.057" level="INFO">Opening browser 'chrome' to base url 'about:blank'.</msg>
<status status="PASS" starttime="20201206 14:35:53.055" endtime="20201206 14:35:56.332"></status>
</kw>
<status status="PASS" starttime="20201206 14:35:53.054" endtime="20201206 14:35:56.332"></status>
</kw>
<kw name="Given I am at the login screen" library="resources">
<kw name="Go To" library="SeleniumLibrary">
<doc>Navigates the current browser window to the provided ``url``.</doc>
<arguments>
<arg>${URL}</arg>
</arguments>
<msg timestamp="20201206 14:35:56.333" level="INFO">Opening url 'https://supertracker-app.herokuapp.com/login'</msg>
<status status="PASS" starttime="20201206 14:35:56.333" endtime="20201206 14:35:58.041"></status>
</kw>
<kw name="Wait Until Element Is Visible" library="SeleniumLibrary">
<doc>Waits until the element ``locator`` is visible.</doc>
<arguments>
<arg>css=#root &gt; div.app.d-flex.flex-column &gt; main &gt; div &gt; form &gt; h1</arg>
</arguments>
<status status="PASS" starttime="20201206 14:35:58.041" endtime="20201206 14:35:59.484"></status>
</kw>
<kw name="Title Should Be" library="SeleniumLibrary">
<doc>Verifies that the current page title equals ``title``.</doc>
<arguments>
<arg>Login | SuperTracker</arg>
</arguments>
<msg timestamp="20201206 14:35:59.485" level="INFO">Page title is 'Login | SuperTracker'.</msg>
<status status="PASS" starttime="20201206 14:35:59.484" endtime="20201206 14:35:59.485"></status>
</kw>
<status status="PASS" starttime="20201206 14:35:56.333" endtime="20201206 14:35:59.485"></status>
</kw>
<kw name="When I click on register" library="resources">
<kw name="Click Element" library="SeleniumLibrary">
<doc>Click the element identified by ``locator``.</doc>
<arguments>
<arg>xpath=//*[@id="responsive-navbar-nav"]/div/a[2]</arg>
</arguments>
<msg timestamp="20201206 14:35:59.485" level="INFO">Clicking element 'xpath=//*[@id="responsive-navbar-nav"]/div/a[2]'.</msg>
<status status="PASS" starttime="20201206 14:35:59.485" endtime="20201206 14:35:59.557"></status>
</kw>
<status status="PASS" starttime="20201206 14:35:59.485" endtime="20201206 14:35:59.557"></status>
</kw>
<kw name="And I fill all inputs '.com'" library="resources">
<kw name="Wait Until Element Is Visible" library="SeleniumLibrary">
<doc>Waits until the element ``locator`` is visible.</doc>
<arguments>
<arg>xpath=//*[@id="root"]/div[1]/main/div/form</arg>
</arguments>
<status status="PASS" starttime="20201206 14:35:59.558" endtime="20201206 14:35:59.591"></status>
</kw>
<kw name="Element Text Should Be" library="SeleniumLibrary">
<doc>Verifies that element ``locator`` contains exact the text ``expected``.</doc>
<arguments>
<arg>xpath=//*[@class="h3 mb-3 text-center font-weight-normal"]</arg>
<arg>Create your account</arg>
</arguments>
<msg timestamp="20201206 14:35:59.591" level="INFO">Verifying element 'xpath=//*[@class="h3 mb-3 text-center font-weight-normal"]' contains exact text 'Create your account'.</msg>
<status status="PASS" starttime="20201206 14:35:59.591" endtime="20201206 14:35:59.602"></status>
</kw>
<kw name="Generate Random String" library="String">
<doc>Generates a string with a desired ``length`` from the given ``chars``.</doc>
<assign>
<var>${EMAIL}</var>
</assign>
<msg timestamp="20201206 14:35:59.602" level="INFO">${EMAIL} = Y1Lc1fWz</msg>
<status status="PASS" starttime="20201206 14:35:59.602" endtime="20201206 14:35:59.602"></status>
</kw>
<kw name="Set Test Variable" library="BuiltIn">
<doc>Makes a variable available everywhere within the scope of the current test.</doc>
<arguments>
<arg>${EMAIL}</arg>
</arguments>
<msg timestamp="20201206 14:35:59.617" level="INFO">${EMAIL} = Y1Lc1fWz</msg>
<status status="PASS" starttime="20201206 14:35:59.602" endtime="20201206 14:35:59.617"></status>
</kw>
<kw name="Input Text" library="SeleniumLibrary">
<doc>Types the given ``text`` into the text field identified by ``locator``.</doc>
<arguments>
<arg>xpath=//*[@id="authEmail"]</arg>
<arg>${EMAIL}@${EMAIL}${.COM}</arg>
</arguments>
<msg timestamp="20201206 14:35:59.618" level="INFO">Typing text 'Y1Lc1fWz@Y1Lc1fWz.com' into text field 'xpath=//*[@id="authEmail"]'.</msg>
<status status="PASS" starttime="20201206 14:35:59.618" endtime="20201206 14:35:59.820"></status>
</kw>
<kw name="Input Text" library="SeleniumLibrary">
<doc>Types the given ``text`` into the text field identified by ``locator``.</doc>
<arguments>
<arg>xpath=//*[@id="authConfirmEmail"]</arg>
<arg>${EMAIL}@${EMAIL}${.COM}</arg>
</arguments>
<msg timestamp="20201206 14:35:59.821" level="INFO">Typing text 'Y1Lc1fWz@Y1Lc1fWz.com' into text field 'xpath=//*[@id="authConfirmEmail"]'.</msg>
<status status="PASS" starttime="20201206 14:35:59.821" endtime="20201206 14:35:59.976"></status>
</kw>
<kw name="Generate Random String" library="String">
<doc>Generates a string with a desired ``length`` from the given ``chars``.</doc>
<assign>
<var>${PASSWORD}</var>
</assign>
<msg timestamp="20201206 14:35:59.977" level="INFO">${PASSWORD} = 7NBtLl03</msg>
<status status="PASS" starttime="20201206 14:35:59.976" endtime="20201206 14:35:59.977"></status>
</kw>
<kw name="Set Test Variable" library="BuiltIn">
<doc>Makes a variable available everywhere within the scope of the current test.</doc>
<arguments>
<arg>${PASSWORD}</arg>
</arguments>
<msg timestamp="20201206 14:35:59.978" level="INFO">${PASSWORD} = 7NBtLl03</msg>
<status status="PASS" starttime="20201206 14:35:59.977" endtime="20201206 14:35:59.978"></status>
</kw>
<kw name="Input Text" library="SeleniumLibrary">
<doc>Types the given ``text`` into the text field identified by ``locator``.</doc>
<arguments>
<arg>xpath=//*[@id="authPassword"]</arg>
<arg>${PASSWORD}</arg>
</arguments>
<msg timestamp="20201206 14:35:59.978" level="INFO">Typing text '7NBtLl03' into text field 'xpath=//*[@id="authPassword"]'.</msg>
<status status="PASS" starttime="20201206 14:35:59.978" endtime="20201206 14:36:00.121"></status>
</kw>
<kw name="Input Text" library="SeleniumLibrary">
<doc>Types the given ``text`` into the text field identified by ``locator``.</doc>
<arguments>
<arg>xpath=//*[@id="authConfirmPassword"]</arg>
<arg>${PASSWORD}</arg>
</arguments>
<msg timestamp="20201206 14:36:00.122" level="INFO">Typing text '7NBtLl03' into text field 'xpath=//*[@id="authConfirmPassword"]'.</msg>
<status status="PASS" starttime="20201206 14:36:00.121" endtime="20201206 14:36:00.255"></status>
</kw>
<status status="PASS" starttime="20201206 14:35:59.557" endtime="20201206 14:36:00.255"></status>
</kw>
<kw name="And click on the register button" library="resources">
<kw name="Click Button" library="SeleniumLibrary">
<doc>Clicks the button identified by ``locator``.</doc>
<arguments>
<arg>xpath=//*[@id="root"]/div[1]/main/div/form/button</arg>
</arguments>
<msg timestamp="20201206 14:36:00.256" level="INFO">Clicking button 'xpath=//*[@id="root"]/div[1]/main/div/form/button'.</msg>
<status status="PASS" starttime="20201206 14:36:00.256" endtime="20201206 14:36:00.407"></status>
</kw>
<status status="PASS" starttime="20201206 14:36:00.255" endtime="20201206 14:36:00.408"></status>
</kw>
<kw name="Then you will be logged in" library="resources">
<kw name="Wait Until Element Is Visible" library="SeleniumLibrary">
<doc>Waits until the element ``locator`` is visible.</doc>
<arguments>
<arg>xpath=//*[@id="root"]/div[1]/main/div[1]/div/div/button</arg>
</arguments>
<status status="PASS" starttime="20201206 14:36:00.408" endtime="20201206 14:36:02.726"></status>
</kw>
<kw name="Wait Until Element Is Visible" library="SeleniumLibrary">
<doc>Waits until the element ``locator`` is visible.</doc>
<arguments>
<arg>xpath=//*[@id="root"]/div[1]/main/div[2]/div/div/div[1]</arg>
</arguments>
<status status="PASS" starttime="20201206 14:36:02.726" endtime="20201206 14:36:02.757"></status>
</kw>
<kw name="Title Should Be" library="SeleniumLibrary">
<doc>Verifies that the current page title equals ``title``.</doc>
<arguments>
<arg>Timesheet | SuperTracker</arg>
</arguments>
<msg timestamp="20201206 14:36:02.757" level="INFO">Page title is 'Timesheet | SuperTracker'.</msg>
<status status="PASS" starttime="20201206 14:36:02.757" endtime="20201206 14:36:02.757"></status>
</kw>
<status status="PASS" starttime="20201206 14:36:00.408" endtime="20201206 14:36:02.757"></status>
</kw>
<kw name="Close" library="resources" type="teardown">
<kw name="Close Browser" library="SeleniumLibrary">
<doc>Closes the current browser.</doc>
<status status="PASS" starttime="20201206 14:36:02.757" endtime="20201206 14:36:05.856"></status>
</kw>
<status status="PASS" starttime="20201206 14:36:02.757" endtime="20201206 14:36:05.856"></status>
</kw>
<tags>
<tag>Critical</tag>
<tag>Register</tag>
</tags>
<status status="PASS" starttime="20201206 14:35:53.052" endtime="20201206 14:36:05.856" critical="yes"></status>
</test>
<test id="s1-t6" name="Scenario 06: Account already exist">
<kw name="Open" library="resources" type="setup">
<kw name="Open Browser" library="SeleniumLibrary">
<doc>Opens a new browser instance to the optional ``url``.</doc>
<arguments>
<arg>about:blank</arg>
<arg>${BROWSER}</arg>
</arguments>
<msg timestamp="20201206 14:36:05.858" level="INFO">Opening browser 'chrome' to base url 'about:blank'.</msg>
<status status="PASS" starttime="20201206 14:36:05.858" endtime="20201206 14:36:09.072"></status>
</kw>
<status status="PASS" starttime="20201206 14:36:05.857" endtime="20201206 14:36:09.073"></status>
</kw>
<kw name="Given I am at the register screen" library="resources">
<kw name="Given I am at the login screen" library="resources">
<kw name="Go To" library="SeleniumLibrary">
<doc>Navigates the current browser window to the provided ``url``.</doc>
<arguments>
<arg>${URL}</arg>
</arguments>
<msg timestamp="20201206 14:36:09.076" level="INFO">Opening url 'https://supertracker-app.herokuapp.com/login'</msg>
<status status="PASS" starttime="20201206 14:36:09.075" endtime="20201206 14:36:10.668"></status>
</kw>
<kw name="Wait Until Element Is Visible" library="SeleniumLibrary">
<doc>Waits until the element ``locator`` is visible.</doc>
<arguments>
<arg>css=#root &gt; div.app.d-flex.flex-column &gt; main &gt; div &gt; form &gt; h1</arg>
</arguments>
<status status="PASS" starttime="20201206 14:36:10.668" endtime="20201206 14:36:11.939"></status>
</kw>
<kw name="Title Should Be" library="SeleniumLibrary">
<doc>Verifies that the current page title equals ``title``.</doc>
<arguments>
<arg>Login | SuperTracker</arg>
</arguments>
<msg timestamp="20201206 14:36:11.944" level="INFO">Page title is 'Login | SuperTracker'.</msg>
<status status="PASS" starttime="20201206 14:36:11.939" endtime="20201206 14:36:11.944"></status>
</kw>
<status status="PASS" starttime="20201206 14:36:09.074" endtime="20201206 14:36:11.944"></status>
</kw>
<kw name="When I click on register" library="resources">
<kw name="Click Element" library="SeleniumLibrary">
<doc>Click the element identified by ``locator``.</doc>
<arguments>
<arg>xpath=//*[@id="responsive-navbar-nav"]/div/a[2]</arg>
</arguments>
<msg timestamp="20201206 14:36:11.945" level="INFO">Clicking element 'xpath=//*[@id="responsive-navbar-nav"]/div/a[2]'.</msg>
<status status="PASS" starttime="20201206 14:36:11.945" endtime="20201206 14:36:12.008"></status>
</kw>
<status status="PASS" starttime="20201206 14:36:11.944" endtime="20201206 14:36:12.008"></status>
</kw>
<status status="PASS" starttime="20201206 14:36:09.073" endtime="20201206 14:36:12.009"></status>
</kw>
<kw name="When I fill all inputs exist" library="resources">
<kw name="Set Test Variable" library="BuiltIn">
<doc>Makes a variable available everywhere within the scope of the current test.</doc>
<arguments>
<arg>${EMAIL}</arg>
<arg>gabriel</arg>
</arguments>
<msg timestamp="20201206 14:36:12.013" level="INFO">${EMAIL} = gabriel</msg>
<status status="PASS" starttime="20201206 14:36:12.010" endtime="20201206 14:36:12.013"></status>
</kw>
<kw name="Input Text" library="SeleniumLibrary">
<doc>Types the given ``text`` into the text field identified by ``locator``.</doc>
<arguments>
<arg>xpath=//*[@id="authEmail"]</arg>
<arg>${EMAIL}@oowlish.com</arg>
</arguments>
<msg timestamp="20201206 14:36:12.014" level="INFO">Typing text 'gabriel@oowlish.com' into text field 'xpath=//*[@id="authEmail"]'.</msg>
<status status="PASS" starttime="20201206 14:36:12.013" endtime="20201206 14:36:12.263"></status>
</kw>
<kw name="Input Text" library="SeleniumLibrary">
<doc>Types the given ``text`` into the text field identified by ``locator``.</doc>
<arguments>
<arg>xpath=//*[@id="authConfirmEmail"]</arg>
<arg>${EMAIL}@oowlish.com</arg>
</arguments>
<msg timestamp="20201206 14:36:12.264" level="INFO">Typing text 'gabriel@oowlish.com' into text field 'xpath=//*[@id="authConfirmEmail"]'.</msg>
<status status="PASS" starttime="20201206 14:36:12.263" endtime="20201206 14:36:12.459"></status>
</kw>
<kw name="Set Test Variable" library="BuiltIn">
<doc>Makes a variable available everywhere within the scope of the current test.</doc>
<arguments>
<arg>${PASSWORD}</arg>
<arg>123456</arg>
</arguments>
<msg timestamp="20201206 14:36:12.462" level="INFO">${PASSWORD} = 123456</msg>
<status status="PASS" starttime="20201206 14:36:12.460" endtime="20201206 14:36:12.462"></status>
</kw>
<kw name="Input Text" library="SeleniumLibrary">
<doc>Types the given ``text`` into the text field identified by ``locator``.</doc>
<arguments>
<arg>xpath=//*[@id="authPassword"]</arg>
<arg>${PASSWORD}</arg>
</arguments>
<msg timestamp="20201206 14:36:12.463" level="INFO">Typing text '123456' into text field 'xpath=//*[@id="authPassword"]'.</msg>
<status status="PASS" starttime="20201206 14:36:12.462" endtime="20201206 14:36:12.590"></status>
</kw>
<kw name="Input Text" library="SeleniumLibrary">
<doc>Types the given ``text`` into the text field identified by ``locator``.</doc>
<arguments>
<arg>xpath=//*[@id="authConfirmPassword"]</arg>
<arg>${PASSWORD}</arg>
</arguments>
<msg timestamp="20201206 14:36:12.591" level="INFO">Typing text '123456' into text field 'xpath=//*[@id="authConfirmPassword"]'.</msg>
<status status="PASS" starttime="20201206 14:36:12.590" endtime="20201206 14:36:12.729"></status>
</kw>
<status status="PASS" starttime="20201206 14:36:12.009" endtime="20201206 14:36:12.730"></status>
</kw>
<kw name="And click on the register button" library="resources">
<kw name="Click Button" library="SeleniumLibrary">
<doc>Clicks the button identified by ``locator``.</doc>
<arguments>
<arg>xpath=//*[@id="root"]/div[1]/main/div/form/button</arg>
</arguments>
<msg timestamp="20201206 14:36:12.731" level="INFO">Clicking button 'xpath=//*[@id="root"]/div[1]/main/div/form/button'.</msg>
<status status="PASS" starttime="20201206 14:36:12.731" endtime="20201206 14:36:12.825"></status>
</kw>
<status status="PASS" starttime="20201206 14:36:12.730" endtime="20201206 14:36:12.826"></status>
</kw>
<kw name="Then receive notification 'The email address is already in use by another account.'" library="resources">
<kw name="Wait Until Element Is Visible" library="SeleniumLibrary">
<doc>Waits until the element ``locator`` is visible.</doc>
<arguments>
<arg>xpath=//*[@class="Toastify__toast-body"]</arg>
</arguments>
<status status="PASS" starttime="20201206 14:36:12.827" endtime="20201206 14:36:13.930"></status>
</kw>
<kw name="Element Text Should Be" library="SeleniumLibrary">
<doc>Verifies that element ``locator`` contains exact the text ``expected``.</doc>
<arguments>
<arg>xpath=//*[@class="Toastify__toast-body"]</arg>
<arg>${MSG}</arg>
</arguments>
<msg timestamp="20201206 14:36:13.931" level="INFO">Verifying element 'xpath=//*[@class="Toastify__toast-body"]' contains exact text 'The email address is already in use by another account.'.</msg>
<status status="PASS" starttime="20201206 14:36:13.930" endtime="20201206 14:36:13.960"></status>
</kw>
<status status="PASS" starttime="20201206 14:36:12.826" endtime="20201206 14:36:13.960"></status>
</kw>
<kw name="Close" library="resources" type="teardown">
<kw name="Close Browser" library="SeleniumLibrary">
<doc>Closes the current browser.</doc>
<status status="PASS" starttime="20201206 14:36:13.961" endtime="20201206 14:36:18.609"></status>
</kw>
<status status="PASS" starttime="20201206 14:36:13.961" endtime="20201206 14:36:18.609"></status>
</kw>
<tags>
<tag>low</tag>
<tag>Register</tag>
</tags>
<status status="PASS" starttime="20201206 14:36:05.857" endtime="20201206 14:36:18.609" critical="yes"></status>
</test>
<test id="s1-t7" name="Scenario 07: Badly formatted email">
<kw name="Open" library="resources" type="setup">
<kw name="Open Browser" library="SeleniumLibrary">
<doc>Opens a new browser instance to the optional ``url``.</doc>
<arguments>
<arg>about:blank</arg>
<arg>${BROWSER}</arg>
</arguments>
<msg timestamp="20201206 14:36:18.609" level="INFO">Opening browser 'chrome' to base url 'about:blank'.</msg>
<status status="PASS" starttime="20201206 14:36:18.609" endtime="20201206 14:36:21.847"></status>
</kw>
<status status="PASS" starttime="20201206 14:36:18.609" endtime="20201206 14:36:21.847"></status>
</kw>
<kw name="Given I am at the login screen" library="resources">
<kw name="Go To" library="SeleniumLibrary">
<doc>Navigates the current browser window to the provided ``url``.</doc>
<arguments>
<arg>${URL}</arg>
</arguments>
<msg timestamp="20201206 14:36:21.848" level="INFO">Opening url 'https://supertracker-app.herokuapp.com/login'</msg>
<status status="PASS" starttime="20201206 14:36:21.848" endtime="20201206 14:36:23.445"></status>
</kw>
<kw name="Wait Until Element Is Visible" library="SeleniumLibrary">
<doc>Waits until the element ``locator`` is visible.</doc>
<arguments>
<arg>css=#root &gt; div.app.d-flex.flex-column &gt; main &gt; div &gt; form &gt; h1</arg>
</arguments>
<status status="PASS" starttime="20201206 14:36:23.445" endtime="20201206 14:36:24.519"></status>
</kw>
<kw name="Title Should Be" library="SeleniumLibrary">
<doc>Verifies that the current page title equals ``title``.</doc>
<arguments>
<arg>Login | SuperTracker</arg>
</arguments>
<msg timestamp="20201206 14:36:24.519" level="INFO">Page title is 'Login | SuperTracker'.</msg>
<status status="PASS" starttime="20201206 14:36:24.519" endtime="20201206 14:36:24.519"></status>
</kw>
<status status="PASS" starttime="20201206 14:36:21.848" endtime="20201206 14:36:24.519"></status>
</kw>
<kw name="When I click on register" library="resources">
<kw name="Click Element" library="SeleniumLibrary">
<doc>Click the element identified by ``locator``.</doc>
<arguments>
<arg>xpath=//*[@id="responsive-navbar-nav"]/div/a[2]</arg>
</arguments>
<msg timestamp="20201206 14:36:24.519" level="INFO">Clicking element 'xpath=//*[@id="responsive-navbar-nav"]/div/a[2]'.</msg>
<status status="PASS" starttime="20201206 14:36:24.519" endtime="20201206 14:36:24.594"></status>
</kw>
<status status="PASS" starttime="20201206 14:36:24.519" endtime="20201206 14:36:24.595"></status>
</kw>
<kw name="And I fill all inputs 'nothing'" library="resources">
<kw name="Wait Until Element Is Visible" library="SeleniumLibrary">
<doc>Waits until the element ``locator`` is visible.</doc>
<arguments>
<arg>xpath=//*[@id="root"]/div[1]/main/div/form</arg>
</arguments>
<status status="PASS" starttime="20201206 14:36:24.596" endtime="20201206 14:36:24.629"></status>
</kw>
<kw name="Element Text Should Be" library="SeleniumLibrary">
<doc>Verifies that element ``locator`` contains exact the text ``expected``.</doc>
<arguments>
<arg>xpath=//*[@class="h3 mb-3 text-center font-weight-normal"]</arg>
<arg>Create your account</arg>
</arguments>
<msg timestamp="20201206 14:36:24.630" level="INFO">Verifying element 'xpath=//*[@class="h3 mb-3 text-center font-weight-normal"]' contains exact text 'Create your account'.</msg>
<status status="PASS" starttime="20201206 14:36:24.630" endtime="20201206 14:36:24.651"></status>
</kw>
<kw name="Generate Random String" library="String">
<doc>Generates a string with a desired ``length`` from the given ``chars``.</doc>
<assign>
<var>${EMAIL}</var>
</assign>
<msg timestamp="20201206 14:36:24.651" level="INFO">${EMAIL} = li6TIyZa</msg>
<status status="PASS" starttime="20201206 14:36:24.651" endtime="20201206 14:36:24.651"></status>
</kw>
<kw name="Set Test Variable" library="BuiltIn">
<doc>Makes a variable available everywhere within the scope of the current test.</doc>
<arguments>
<arg>${EMAIL}</arg>
</arguments>
<msg timestamp="20201206 14:36:24.651" level="INFO">${EMAIL} = li6TIyZa</msg>
<status status="PASS" starttime="20201206 14:36:24.651" endtime="20201206 14:36:24.651"></status>
</kw>
<kw name="Input Text" library="SeleniumLibrary">
<doc>Types the given ``text`` into the text field identified by ``locator``.</doc>
<arguments>
<arg>xpath=//*[@id="authEmail"]</arg>
<arg>${EMAIL}@${EMAIL}${.COM}</arg>
</arguments>
<msg timestamp="20201206 14:36:24.651" level="INFO">Typing text 'li6TIyZa@li6TIyZanothing' into text field 'xpath=//*[@id="authEmail"]'.</msg>
<status status="PASS" starttime="20201206 14:36:24.651" endtime="20201206 14:36:24.862"></status>
</kw>
<kw name="Input Text" library="SeleniumLibrary">
<doc>Types the given ``text`` into the text field identified by ``locator``.</doc>
<arguments>
<arg>xpath=//*[@id="authConfirmEmail"]</arg>
<arg>${EMAIL}@${EMAIL}${.COM}</arg>
</arguments>
<msg timestamp="20201206 14:36:24.863" level="INFO">Typing text 'li6TIyZa@li6TIyZanothing' into text field 'xpath=//*[@id="authConfirmEmail"]'.</msg>
<status status="PASS" starttime="20201206 14:36:24.863" endtime="20201206 14:36:25.036"></status>
</kw>
<kw name="Generate Random String" library="String">
<doc>Generates a string with a desired ``length`` from the given ``chars``.</doc>
<assign>
<var>${PASSWORD}</var>
</assign>
<msg timestamp="20201206 14:36:25.037" level="INFO">${PASSWORD} = g52HUWVR</msg>
<status status="PASS" starttime="20201206 14:36:25.036" endtime="20201206 14:36:25.037"></status>
</kw>
<kw name="Set Test Variable" library="BuiltIn">
<doc>Makes a variable available everywhere within the scope of the current test.</doc>
<arguments>
<arg>${PASSWORD}</arg>
</arguments>
<msg timestamp="20201206 14:36:25.038" level="INFO">${PASSWORD} = g52HUWVR</msg>
<status status="PASS" starttime="20201206 14:36:25.037" endtime="20201206 14:36:25.038"></status>
</kw>
<kw name="Input Text" library="SeleniumLibrary">
<doc>Types the given ``text`` into the text field identified by ``locator``.</doc>
<arguments>
<arg>xpath=//*[@id="authPassword"]</arg>
<arg>${PASSWORD}</arg>
</arguments>
<msg timestamp="20201206 14:36:25.038" level="INFO">Typing text 'g52HUWVR' into text field 'xpath=//*[@id="authPassword"]'.</msg>
<status status="PASS" starttime="20201206 14:36:25.038" endtime="20201206 14:36:25.156"></status>
</kw>
<kw name="Input Text" library="SeleniumLibrary">
<doc>Types the given ``text`` into the text field identified by ``locator``.</doc>
<arguments>
<arg>xpath=//*[@id="authConfirmPassword"]</arg>
<arg>${PASSWORD}</arg>
</arguments>
<msg timestamp="20201206 14:36:25.157" level="INFO">Typing text 'g52HUWVR' into text field 'xpath=//*[@id="authConfirmPassword"]'.</msg>
<status status="PASS" starttime="20201206 14:36:25.157" endtime="20201206 14:36:25.268"></status>
</kw>
<status status="PASS" starttime="20201206 14:36:24.595" endtime="20201206 14:36:25.268"></status>
</kw>
<kw name="And click on the register button" library="resources">
<kw name="Click Button" library="SeleniumLibrary">
<doc>Clicks the button identified by ``locator``.</doc>
<arguments>
<arg>xpath=//*[@id="root"]/div[1]/main/div/form/button</arg>
</arguments>
<msg timestamp="20201206 14:36:25.269" level="INFO">Clicking button 'xpath=//*[@id="root"]/div[1]/main/div/form/button'.</msg>
<status status="PASS" starttime="20201206 14:36:25.269" endtime="20201206 14:36:25.346"></status>
</kw>
<status status="PASS" starttime="20201206 14:36:25.268" endtime="20201206 14:36:25.346"></status>
</kw>
<kw name="Then receive notification 'The email address is badly formatted.'" library="resources">
<kw name="Wait Until Element Is Visible" library="SeleniumLibrary">
<doc>Waits until the element ``locator`` is visible.</doc>
<arguments>
<arg>xpath=//*[@class="Toastify__toast-body"]</arg>
</arguments>
<status status="PASS" starttime="20201206 14:36:25.348" endtime="20201206 14:36:26.244"></status>
</kw>
<kw name="Element Text Should Be" library="SeleniumLibrary">
<doc>Verifies that element ``locator`` contains exact the text ``expected``.</doc>
<arguments>
<arg>xpath=//*[@class="Toastify__toast-body"]</arg>
<arg>${MSG}</arg>
</arguments>
<msg timestamp="20201206 14:36:26.244" level="INFO">Verifying element 'xpath=//*[@class="Toastify__toast-body"]' contains exact text 'The email address is badly formatted.'.</msg>
<status status="PASS" starttime="20201206 14:36:26.244" endtime="20201206 14:36:26.273"></status>
</kw>
<status status="PASS" starttime="20201206 14:36:25.347" endtime="20201206 14:36:26.273"></status>
</kw>
<kw name="Close" library="resources" type="teardown">
<kw name="Close Browser" library="SeleniumLibrary">
<doc>Closes the current browser.</doc>
<status status="PASS" starttime="20201206 14:36:26.275" endtime="20201206 14:36:28.556"></status>
</kw>
<status status="PASS" starttime="20201206 14:36:26.274" endtime="20201206 14:36:28.556"></status>
</kw>
<tags>
<tag>low</tag>
<tag>Register</tag>
</tags>
<status status="PASS" starttime="20201206 14:36:18.609" endtime="20201206 14:36:28.556" critical="yes"></status>
</test>
<test id="s1-t8" name="Scenario 08: Password less than 6 characters">
<kw name="Open" library="resources" type="setup">
<kw name="Open Browser" library="SeleniumLibrary">
<doc>Opens a new browser instance to the optional ``url``.</doc>
<arguments>
<arg>about:blank</arg>
<arg>${BROWSER}</arg>
</arguments>
<msg timestamp="20201206 14:36:28.556" level="INFO">Opening browser 'chrome' to base url 'about:blank'.</msg>
<status status="PASS" starttime="20201206 14:36:28.556" endtime="20201206 14:36:31.798"></status>
</kw>
<status status="PASS" starttime="20201206 14:36:28.556" endtime="20201206 14:36:31.799"></status>
</kw>
<kw name="Given I am at the register screen" library="resources">
<kw name="Given I am at the login screen" library="resources">
<kw name="Go To" library="SeleniumLibrary">
<doc>Navigates the current browser window to the provided ``url``.</doc>
<arguments>
<arg>${URL}</arg>
</arguments>
<msg timestamp="20201206 14:36:31.802" level="INFO">Opening url 'https://supertracker-app.herokuapp.com/login'</msg>
<status status="PASS" starttime="20201206 14:36:31.801" endtime="20201206 14:36:33.502"></status>
</kw>
<kw name="Wait Until Element Is Visible" library="SeleniumLibrary">
<doc>Waits until the element ``locator`` is visible.</doc>
<arguments>
<arg>css=#root &gt; div.app.d-flex.flex-column &gt; main &gt; div &gt; form &gt; h1</arg>
</arguments>
<status status="PASS" starttime="20201206 14:36:33.502" endtime="20201206 14:36:34.668"></status>
</kw>
<kw name="Title Should Be" library="SeleniumLibrary">
<doc>Verifies that the current page title equals ``title``.</doc>
<arguments>
<arg>Login | SuperTracker</arg>
</arguments>
<msg timestamp="20201206 14:36:34.672" level="INFO">Page title is 'Login | SuperTracker'.</msg>
<status status="PASS" starttime="20201206 14:36:34.668" endtime="20201206 14:36:34.672"></status>
</kw>
<status status="PASS" starttime="20201206 14:36:31.800" endtime="20201206 14:36:34.673"></status>
</kw>
<kw name="When I click on register" library="resources">
<kw name="Click Element" library="SeleniumLibrary">
<doc>Click the element identified by ``locator``.</doc>
<arguments>
<arg>xpath=//*[@id="responsive-navbar-nav"]/div/a[2]</arg>
</arguments>
<msg timestamp="20201206 14:36:34.673" level="INFO">Clicking element 'xpath=//*[@id="responsive-navbar-nav"]/div/a[2]'.</msg>
<status status="PASS" starttime="20201206 14:36:34.673" endtime="20201206 14:36:34.733"></status>
</kw>
<status status="PASS" starttime="20201206 14:36:34.673" endtime="20201206 14:36:34.733"></status>
</kw>
<status status="PASS" starttime="20201206 14:36:31.799" endtime="20201206 14:36:34.734"></status>
</kw>
<kw name="When insert a an email" library="resources">
<kw name="Wait Until Element Is Visible" library="SeleniumLibrary">
<doc>Waits until the element ``locator`` is visible.</doc>
<arguments>
<arg>xpath=//*[@id="root"]/div[1]/main/div/form</arg>
</arguments>
<status status="PASS" starttime="20201206 14:36:34.734" endtime="20201206 14:36:34.766"></status>
</kw>
<kw name="Element Text Should Be" library="SeleniumLibrary">
<doc>Verifies that element ``locator`` contains exact the text ``expected``.</doc>
<arguments>
<arg>xpath=//*[@class="h3 mb-3 text-center font-weight-normal"]</arg>
<arg>Create your account</arg>
</arguments>
<msg timestamp="20201206 14:36:34.767" level="INFO">Verifying element 'xpath=//*[@class="h3 mb-3 text-center font-weight-normal"]' contains exact text 'Create your account'.</msg>
<status status="PASS" starttime="20201206 14:36:34.766" endtime="20201206 14:36:34.778"></status>
</kw>
<kw name="Generate Random String" library="String">
<doc>Generates a string with a desired ``length`` from the given ``chars``.</doc>
<assign>
<var>${EMAIL}</var>
</assign>
<msg timestamp="20201206 14:36:34.778" level="INFO">${EMAIL} = IBl6ygaY</msg>
<status status="PASS" starttime="20201206 14:36:34.778" endtime="20201206 14:36:34.778"></status>
</kw>
<kw name="Set Test Variable" library="BuiltIn">
<doc>Makes a variable available everywhere within the scope of the current test.</doc>
<arguments>
<arg>${EMAIL}</arg>
</arguments>
<msg timestamp="20201206 14:36:34.778" level="INFO">${EMAIL} = IBl6ygaY</msg>
<status status="PASS" starttime="20201206 14:36:34.778" endtime="20201206 14:36:34.778"></status>
</kw>
<kw name="Input Text" library="SeleniumLibrary">
<doc>Types the given ``text`` into the text field identified by ``locator``.</doc>
<arguments>
<arg>xpath=//*[@id="authEmail"]</arg>
<arg>${EMAIL}@oolish.com</arg>
</arguments>
<msg timestamp="20201206 14:36:34.778" level="INFO">Typing text 'IBl6ygaY@oolish.com' into text field 'xpath=//*[@id="authEmail"]'.</msg>
<status status="PASS" starttime="20201206 14:36:34.778" endtime="20201206 14:36:34.934"></status>
</kw>
<kw name="Input Text" library="SeleniumLibrary">
<doc>Types the given ``text`` into the text field identified by ``locator``.</doc>
<arguments>
<arg>xpath=//*[@id="authConfirmEmail"]</arg>
<arg>${EMAIL}@oolish.com</arg>
</arguments>
<msg timestamp="20201206 14:36:34.935" level="INFO">Typing text 'IBl6ygaY@oolish.com' into text field 'xpath=//*[@id="authConfirmEmail"]'.</msg>
<status status="PASS" starttime="20201206 14:36:34.935" endtime="20201206 14:36:35.079"></status>
</kw>
<status status="PASS" starttime="20201206 14:36:34.734" endtime="20201206 14:36:35.080"></status>
</kw>
<kw name="And a password less than 6 characters" library="resources">
<kw name="Input Text" library="SeleniumLibrary">
<doc>Types the given ``text`` into the text field identified by ``locator``.</doc>
<arguments>
<arg>xpath=//*[@id="authPassword"]</arg>
<arg>123</arg>
</arguments>
<msg timestamp="20201206 14:36:35.081" level="INFO">Typing text '123' into text field 'xpath=//*[@id="authPassword"]'.</msg>
<status status="PASS" starttime="20201206 14:36:35.081" endtime="20201206 14:36:35.175"></status>
</kw>
<kw name="Input Text" library="SeleniumLibrary">
<doc>Types the given ``text`` into the text field identified by ``locator``.</doc>
<arguments>
<arg>xpath=//*[@id="authConfirmPassword"]</arg>
<arg>123</arg>
</arguments>
<msg timestamp="20201206 14:36:35.176" level="INFO">Typing text '123' into text field 'xpath=//*[@id="authConfirmPassword"]'.</msg>
<status status="PASS" starttime="20201206 14:36:35.175" endtime="20201206 14:36:35.268"></status>
</kw>
<status status="PASS" starttime="20201206 14:36:35.080" endtime="20201206 14:36:35.268"></status>
</kw>
<kw name="And click on the register button" library="resources">
<kw name="Click Button" library="SeleniumLibrary">
<doc>Clicks the button identified by ``locator``.</doc>
<arguments>
<arg>xpath=//*[@id="root"]/div[1]/main/div/form/button</arg>
</arguments>
<msg timestamp="20201206 14:36:35.269" level="INFO">Clicking button 'xpath=//*[@id="root"]/div[1]/main/div/form/button'.</msg>
<status status="PASS" starttime="20201206 14:36:35.269" endtime="20201206 14:36:35.341"></status>
</kw>
<status status="PASS" starttime="20201206 14:36:35.269" endtime="20201206 14:36:35.342"></status>
</kw>
<kw name="Then receive notification 'Password should be at least 6 characters'" library="resources">
<kw name="Wait Until Element Is Visible" library="SeleniumLibrary">
<doc>Waits until the element ``locator`` is visible.</doc>
<arguments>
<arg>xpath=//*[@class="Toastify__toast-body"]</arg>
</arguments>
<status status="PASS" starttime="20201206 14:36:35.342" endtime="20201206 14:36:36.295"></status>
</kw>
<kw name="Element Text Should Be" library="SeleniumLibrary">
<doc>Verifies that element ``locator`` contains exact the text ``expected``.</doc>
<arguments>
<arg>xpath=//*[@class="Toastify__toast-body"]</arg>
<arg>${MSG}</arg>
</arguments>
<msg timestamp="20201206 14:36:36.295" level="INFO">Verifying element 'xpath=//*[@class="Toastify__toast-body"]' contains exact text 'Password should be at least 6 characters'.</msg>
<status status="PASS" starttime="20201206 14:36:36.295" endtime="20201206 14:36:36.311"></status>
</kw>
<status status="PASS" starttime="20201206 14:36:35.342" endtime="20201206 14:36:36.326"></status>
</kw>
<kw name="Close" library="resources" type="teardown">
<kw name="Close Browser" library="SeleniumLibrary">
<doc>Closes the current browser.</doc>
<status status="PASS" starttime="20201206 14:36:36.326" endtime="20201206 14:36:38.509"></status>
</kw>
<status status="PASS" starttime="20201206 14:36:36.326" endtime="20201206 14:36:38.509"></status>
</kw>
<tags>
<tag>low</tag>
<tag>Register</tag>
</tags>
<status status="PASS" starttime="20201206 14:36:28.556" endtime="20201206 14:36:38.509" critical="yes"></status>
</test>
<test id="s1-t9" name="Scenario 09: User different than user verification">
<kw name="Open" library="resources" type="setup">
<kw name="Open Browser" library="SeleniumLibrary">
<doc>Opens a new browser instance to the optional ``url``.</doc>
<arguments>
<arg>about:blank</arg>
<arg>${BROWSER}</arg>
</arguments>
<msg timestamp="20201206 14:36:38.509" level="INFO">Opening browser 'chrome' to base url 'about:blank'.</msg>
<status status="PASS" starttime="20201206 14:36:38.509" endtime="20201206 14:36:41.831"></status>
</kw>
<status status="PASS" starttime="20201206 14:36:38.509" endtime="20201206 14:36:41.831"></status>
</kw>
<kw name="Given I am at the register screen" library="resources">
<kw name="Given I am at the login screen" library="resources">
<kw name="Go To" library="SeleniumLibrary">
<doc>Navigates the current browser window to the provided ``url``.</doc>
<arguments>
<arg>${URL}</arg>
</arguments>
[...]
<msg timestamp="20201206 14:38:36.399" level="INFO">Clicking element 'xpath=//*[@id="formBasicEmail"]/option[3]'.</msg>
<status status="PASS" starttime="20201206 14:38:36.399" endtime="20201206 14:38:36.442"></status>
</kw>
<status status="PASS" starttime="20201206 14:38:36.399" endtime="20201206 14:38:36.443"></status>
</kw>
<kw name="And click on submit" library="resources">
<kw name="Click Button" library="SeleniumLibrary">
<doc>Clicks the button identified by ``locator``.</doc>
<arguments>
<arg>xpath=//html/body/div[3]/div/div/div[2]/form/div[2]/button</arg>
</arguments>
<msg timestamp="20201206 14:38:36.444" level="INFO">Clicking button 'xpath=//html/body/div[3]/div/div/div[2]/form/div[2]/button'.</msg>
<status status="PASS" starttime="20201206 14:38:36.443" endtime="20201206 14:38:36.520"></status>
</kw>
<status status="PASS" starttime="20201206 14:38:36.443" endtime="20201206 14:38:36.520"></status>
</kw>
<kw name="When I click on Add in/out" library="resources">
<kw name="Click Button" library="SeleniumLibrary">
<doc>Clicks the button identified by ``locator``.</doc>
<arguments>
<arg>xpath=//*[@id="root"]/div[1]/main/div[1]/div/div/button</arg>
</arguments>
<msg timestamp="20201206 14:38:36.521" level="INFO">Clicking button 'xpath=//*[@id="root"]/div[1]/main/div[1]/div/div/button'.</msg>
<status status="PASS" starttime="20201206 14:38:36.521" endtime="20201206 14:38:36.874"></status>
</kw>
<status status="PASS" starttime="20201206 14:38:36.521" endtime="20201206 14:38:36.874"></status>
</kw>
<kw name="And select activity Exit" library="resources">
<kw name="Click Element" library="SeleniumLibrary">
<doc>Click the element identified by ``locator``.</doc>
<arguments>
<arg>xpath=//*[@id="formBasicEmail"]/option[4]</arg>
</arguments>
<msg timestamp="20201206 14:38:36.876" level="INFO">Clicking element 'xpath=//*[@id="formBasicEmail"]/option[4]'.</msg>
<status status="PASS" starttime="20201206 14:38:36.875" endtime="20201206 14:38:36.922"></status>
</kw>
<status status="PASS" starttime="20201206 14:38:36.874" endtime="20201206 14:38:36.922"></status>
</kw>
<kw name="And click on submit" library="resources">
<kw name="Click Button" library="SeleniumLibrary">
<doc>Clicks the button identified by ``locator``.</doc>
<arguments>
<arg>xpath=//html/body/div[3]/div/div/div[2]/form/div[2]/button</arg>
</arguments>
<msg timestamp="20201206 14:38:36.923" level="INFO">Clicking button 'xpath=//html/body/div[3]/div/div/div[2]/form/div[2]/button'.</msg>
<status status="PASS" starttime="20201206 14:38:36.922" endtime="20201206 14:38:37.004"></status>
</kw>
<status status="PASS" starttime="20201206 14:38:36.922" endtime="20201206 14:38:37.004"></status>
</kw>
<status status="PASS" starttime="20201206 14:38:35.458" endtime="20201206 14:38:37.005"></status>
</kw>
<kw name="And record events Arrival again" library="resources">
<kw name="When I click on Add in/out" library="resources">
<kw name="Click Button" library="SeleniumLibrary">
<doc>Clicks the button identified by ``locator``.</doc>
<arguments>
<arg>xpath=//*[@id="root"]/div[1]/main/div[1]/div/div/button</arg>
</arguments>
<msg timestamp="20201206 14:38:37.006" level="INFO">Clicking button 'xpath=//*[@id="root"]/div[1]/main/div[1]/div/div/button'.</msg>
<status status="PASS" starttime="20201206 14:38:37.005" endtime="20201206 14:38:37.185"></status>
</kw>
<status status="PASS" starttime="20201206 14:38:37.005" endtime="20201206 14:38:37.185"></status>
</kw>
<kw name="And select activity Arrival" library="resources">
<kw name="Click Element" library="SeleniumLibrary">
<doc>Click the element identified by ``locator``.</doc>
<arguments>
<arg>xpath=//*[@id="formBasicEmail"]/option[1]</arg>
</arguments>
<msg timestamp="20201206 14:38:37.186" level="INFO">Clicking element 'xpath=//*[@id="formBasicEmail"]/option[1]'.</msg>
<status status="PASS" starttime="20201206 14:38:37.186" endtime="20201206 14:38:37.222"></status>
</kw>
<status status="PASS" starttime="20201206 14:38:37.185" endtime="20201206 14:38:37.222"></status>
</kw>
<kw name="And click on submit" library="resources">
<kw name="Click Button" library="SeleniumLibrary">
<doc>Clicks the button identified by ``locator``.</doc>
<arguments>
<arg>xpath=//html/body/div[3]/div/div/div[2]/form/div[2]/button</arg>
</arguments>
<msg timestamp="20201206 14:38:37.223" level="INFO">Clicking button 'xpath=//html/body/div[3]/div/div/div[2]/form/div[2]/button'.</msg>
<status status="PASS" starttime="20201206 14:38:37.223" endtime="20201206 14:38:37.292"></status>
</kw>
<status status="PASS" starttime="20201206 14:38:37.222" endtime="20201206 14:38:37.293"></status>
</kw>
<status status="PASS" starttime="20201206 14:38:37.005" endtime="20201206 14:38:37.293"></status>
</kw>
<kw name="Then I will see the actual worked hours" library="resources">
<kw name="Wait Until Element Is Visible" library="SeleniumLibrary">
<doc>Waits until the element ``locator`` is visible.</doc>
<arguments>
<arg>xpath=//*[@id="root"]/div[1]/main/div[2]/div/div/div[1]</arg>
</arguments>
<status status="PASS" starttime="20201206 14:38:37.293" endtime="20201206 14:38:37.311"></status>
</kw>
<kw name="Element Text Should Be" library="SeleniumLibrary">
<doc>Verifies that element ``locator`` contains exact the text ``expected``.</doc>
<arguments>
<arg>xpath=//*[@id="root"]/div[1]/main/div[2]/div/div/div[1]/span</arg>
<arg>Actual worked hours:</arg>
</arguments>
<msg timestamp="20201206 14:38:37.312" level="INFO">Verifying element 'xpath=//*[@id="root"]/div[1]/main/div[2]/div/div/div[1]/span' contains exact text 'Actual worked hours:'.</msg>
<status status="PASS" starttime="20201206 14:38:37.311" endtime="20201206 14:38:37.345"></status>
</kw>
<kw name="Get Text" library="SeleniumLibrary">
<doc>Returns the text value of the element identified by ``locator``.</doc>
<arguments>
<arg>xpath=//*[@id="root"]/div[1]/main/div[2]/div/div/div[1]</arg>
</arguments>
<assign>
<var>${ACTUAL}</var>
</assign>
<msg timestamp="20201206 14:38:37.372" level="INFO">${ACTUAL} = Actual worked hours: 00:00</msg>
<status status="PASS" starttime="20201206 14:38:37.345" endtime="20201206 14:38:37.372"></status>
</kw>
<kw name="Get Text" library="SeleniumLibrary">
<doc>Returns the text value of the element identified by ``locator``.</doc>
<arguments>
<arg>xpath=//*[@id="root"]/div[1]/main/div[2]/div/div/div[2]</arg>
</arguments>
<assign>
<var>${EXPECTED}</var>
</assign>
<msg timestamp="20201206 14:38:37.405" level="INFO">${EXPECTED} = Expected worked hours: 40:00</msg>
<status status="PASS" starttime="20201206 14:38:37.372" endtime="20201206 14:38:37.405"></status>
</kw>
<kw name="Log To Console" library="BuiltIn">
<doc>Logs the given message to the console.</doc>
<arguments>
<arg>${ACTUAL}, ${EXPECTED}</arg>
</arguments>
<status status="PASS" starttime="20201206 14:38:37.405" endtime="20201206 14:38:37.406"></status>
</kw>
<status status="PASS" starttime="20201206 14:38:37.293" endtime="20201206 14:38:37.406"></status>
</kw>
<kw name="Close" library="resources" type="teardown">
<kw name="Close Browser" library="SeleniumLibrary">
<doc>Closes the current browser.</doc>
<status status="PASS" starttime="20201206 14:38:37.407" endtime="20201206 14:38:39.721"></status>
</kw>
<status status="PASS" starttime="20201206 14:38:37.406" endtime="20201206 14:38:39.721"></status>
</kw>
<tags>
<tag>Events</tag>
<tag>medium</tag>
</tags>
<status status="PASS" starttime="20201206 14:38:26.132" endtime="20201206 14:38:39.721" critical="yes"></status>
</test>
<test id="s1-t19" name="Scenario 19: Display the balance of hours worked">
<kw name="Open" library="resources" type="setup">
<kw name="Open Browser" library="SeleniumLibrary">
<doc>Opens a new browser instance to the optional ``url``.</doc>
<arguments>
<arg>about:blank</arg>
<arg>${BROWSER}</arg>
</arguments>
<msg timestamp="20201206 14:38:39.721" level="INFO">Opening browser 'chrome' to base url 'about:blank'.</msg>
<status status="PASS" starttime="20201206 14:38:39.721" endtime="20201206 14:38:43.124"></status>
</kw>
<status status="PASS" starttime="20201206 14:38:39.721" endtime="20201206 14:38:43.125"></status>
</kw>
<kw name="Given I am at the login screen" library="resources">
<kw name="Go To" library="SeleniumLibrary">
<doc>Navigates the current browser window to the provided ``url``.</doc>
<arguments>
<arg>${URL}</arg>
</arguments>
<msg timestamp="20201206 14:38:43.127" level="INFO">Opening url 'https://supertracker-app.herokuapp.com/login'</msg>
<status status="PASS" starttime="20201206 14:38:43.127" endtime="20201206 14:38:44.770"></status>
</kw>
<kw name="Wait Until Element Is Visible" library="SeleniumLibrary">
<doc>Waits until the element ``locator`` is visible.</doc>
<arguments>
<arg>css=#root &gt; div.app.d-flex.flex-column &gt; main &gt; div &gt; form &gt; h1</arg>
</arguments>
<status status="PASS" starttime="20201206 14:38:44.770" endtime="20201206 14:38:46.120"></status>
</kw>
<kw name="Title Should Be" library="SeleniumLibrary">
<doc>Verifies that the current page title equals ``title``.</doc>
<arguments>
<arg>Login | SuperTracker</arg>
</arguments>
<msg timestamp="20201206 14:38:46.120" level="INFO">Page title is 'Login | SuperTracker'.</msg>
<status status="PASS" starttime="20201206 14:38:46.120" endtime="20201206 14:38:46.120"></status>
</kw>
<status status="PASS" starttime="20201206 14:38:43.126" endtime="20201206 14:38:46.120"></status>
</kw>
<kw name="When logging in a balanced user 'gabriel@gmail.com' and '123456'" library="resources">
<kw name="Set Test Variable" library="BuiltIn">
<doc>Makes a variable available everywhere within the scope of the current test.</doc>
<arguments>
<arg>${EMAIL}</arg>
</arguments>
<msg timestamp="20201206 14:38:46.120" level="INFO">${EMAIL} = gabriel@gmail.com</msg>
<status status="PASS" starttime="20201206 14:38:46.120" endtime="20201206 14:38:46.120"></status>
</kw>
<kw name="Input Text" library="SeleniumLibrary">
<doc>Types the given ``text`` into the text field identified by ``locator``.</doc>
<arguments>
<arg>xpath=//*[@id="authEmail"]</arg>
<arg>${EMAIL}</arg>
</arguments>
<msg timestamp="20201206 14:38:46.120" level="INFO">Typing text 'gabriel@gmail.com' into text field 'xpath=//*[@id="authEmail"]'.</msg>
<status status="PASS" starttime="20201206 14:38:46.120" endtime="20201206 14:38:46.268"></status>
</kw>
<kw name="Set Test Variable" library="BuiltIn">
<doc>Makes a variable available everywhere within the scope of the current test.</doc>
<arguments>
<arg>${PASSWORD}</arg>
</arguments>
<msg timestamp="20201206 14:38:46.269" level="INFO">${PASSWORD} = 123456</msg>
<status status="PASS" starttime="20201206 14:38:46.268" endtime="20201206 14:38:46.269"></status>
</kw>
<kw name="Input Text" library="SeleniumLibrary">
<doc>Types the given ``text`` into the text field identified by ``locator``.</doc>
<arguments>
<arg>xpath=//*[@id="authPassword"]</arg>
<arg>${PASSWORD}</arg>
</arguments>
<msg timestamp="20201206 14:38:46.270" level="INFO">Typing text '123456' into text field 'xpath=//*[@id="authPassword"]'.</msg>
<status status="PASS" starttime="20201206 14:38:46.270" endtime="20201206 14:38:46.385"></status>
</kw>
<status status="PASS" starttime="20201206 14:38:46.120" endtime="20201206 14:38:46.385"></status>
</kw>
<kw name="And I click on login" library="resources">
<kw name="Click Button" library="SeleniumLibrary">
<doc>Clicks the button identified by ``locator``.</doc>
<arguments>
<arg>xpath=//*[@id="root"]/div[1]/main/div/form/button</arg>
</arguments>
<msg timestamp="20201206 14:38:46.386" level="INFO">Clicking button 'xpath=//*[@id="root"]/div[1]/main/div/form/button'.</msg>
<status status="PASS" starttime="20201206 14:38:46.385" endtime="20201206 14:38:46.458"></status>
</kw>
<status status="PASS" starttime="20201206 14:38:46.385" endtime="20201206 14:38:46.458"></status>
</kw>
<kw name="Then I will see the actual worked hours" library="resources">
<kw name="Wait Until Element Is Visible" library="SeleniumLibrary">
<doc>Waits until the element ``locator`` is visible.</doc>
<arguments>
<arg>xpath=//*[@id="root"]/div[1]/main/div[2]/div/div/div[1]</arg>
</arguments>
<status status="PASS" starttime="20201206 14:38:46.459" endtime="20201206 14:38:49.489"></status>
</kw>
<kw name="Element Text Should Be" library="SeleniumLibrary">
<doc>Verifies that element ``locator`` contains exact the text ``expected``.</doc>
<arguments>
<arg>xpath=//*[@id="root"]/div[1]/main/div[2]/div/div/div[1]/span</arg>
<arg>Actual worked hours:</arg>
</arguments>
<msg timestamp="20201206 14:38:49.489" level="INFO">Verifying element 'xpath=//*[@id="root"]/div[1]/main/div[2]/div/div/div[1]/span' contains exact text 'Actual worked hours:'.</msg>
<status status="PASS" starttime="20201206 14:38:49.489" endtime="20201206 14:38:49.504"></status>
</kw>
<kw name="Get Text" library="SeleniumLibrary">
<doc>Returns the text value of the element identified by ``locator``.</doc>
<arguments>
<arg>xpath=//*[@id="root"]/div[1]/main/div[2]/div/div/div[1]</arg>
</arguments>
<assign>
<var>${ACTUAL}</var>
</assign>
<msg timestamp="20201206 14:38:49.534" level="INFO">${ACTUAL} = Actual worked hours: 00:00</msg>
<status status="PASS" starttime="20201206 14:38:49.504" endtime="20201206 14:38:49.534"></status>
</kw>
<kw name="Get Text" library="SeleniumLibrary">
<doc>Returns the text value of the element identified by ``locator``.</doc>
<arguments>
<arg>xpath=//*[@id="root"]/div[1]/main/div[2]/div/div/div[2]</arg>
</arguments>
<assign>
<var>${EXPECTED}</var>
</assign>
<msg timestamp="20201206 14:38:49.556" level="INFO">${EXPECTED} = Expected worked hours: 40:00</msg>
<status status="PASS" starttime="20201206 14:38:49.534" endtime="20201206 14:38:49.556"></status>
</kw>
<kw name="Log To Console" library="BuiltIn">
<doc>Logs the given message to the console.</doc>
<arguments>
<arg>${ACTUAL}, ${EXPECTED}</arg>
</arguments>
<status status="PASS" starttime="20201206 14:38:49.556" endtime="20201206 14:38:49.556"></status>
</kw>
<status status="PASS" starttime="20201206 14:38:46.459" endtime="20201206 14:38:49.556"></status>
</kw>
<kw name="Close" library="resources" type="teardown">
<kw name="Close Browser" library="SeleniumLibrary">
<doc>Closes the current browser.</doc>
<status status="PASS" starttime="20201206 14:38:49.556" endtime="20201206 14:38:52.841"></status>
</kw>
<status status="PASS" starttime="20201206 14:38:49.556" endtime="20201206 14:38:52.841"></status>
</kw>
<tags>
<tag>Events</tag>
<tag>low</tag>
</tags>
<status status="PASS" starttime="20201206 14:38:39.721" endtime="20201206 14:38:52.842" critical="yes"></status>
</test>
<test id="s1-t20" name="Scenario 20: Supertracker button does not direct home">
<kw name="Open" library="resources" type="setup">
<kw name="Open Browser" library="SeleniumLibrary">
<doc>Opens a new browser instance to the optional ``url``.</doc>
<arguments>
<arg>about:blank</arg>
<arg>${BROWSER}</arg>
</arguments>
<msg timestamp="20201206 14:38:52.849" level="INFO">Opening browser 'chrome' to base url 'about:blank'.</msg>
<status status="PASS" starttime="20201206 14:38:52.848" endtime="20201206 14:38:56.088"></status>
</kw>
<status status="PASS" starttime="20201206 14:38:52.846" endtime="20201206 14:38:56.088"></status>
</kw>
<kw name="Given I am at the login screen" library="resources">
<kw name="Go To" library="SeleniumLibrary">
<doc>Navigates the current browser window to the provided ``url``.</doc>
<arguments>
<arg>${URL}</arg>
</arguments>
<msg timestamp="20201206 14:38:56.089" level="INFO">Opening url 'https://supertracker-app.herokuapp.com/login'</msg>
<status status="PASS" starttime="20201206 14:38:56.088" endtime="20201206 14:38:57.912"></status>
</kw>
<kw name="Wait Until Element Is Visible" library="SeleniumLibrary">
<doc>Waits until the element ``locator`` is visible.</doc>
<arguments>
<arg>css=#root &gt; div.app.d-flex.flex-column &gt; main &gt; div &gt; form &gt; h1</arg>
</arguments>
<status status="PASS" starttime="20201206 14:38:57.912" endtime="20201206 14:38:59.755"></status>
</kw>
<kw name="Title Should Be" library="SeleniumLibrary">
<doc>Verifies that the current page title equals ``title``.</doc>
<arguments>
<arg>Login | SuperTracker</arg>
</arguments>
<msg timestamp="20201206 14:38:59.761" level="INFO">Page title is 'Login | SuperTracker'.</msg>
<status status="PASS" starttime="20201206 14:38:59.756" endtime="20201206 14:38:59.761"></status>
</kw>
<status status="PASS" starttime="20201206 14:38:56.088" endtime="20201206 14:38:59.762"></status>
</kw>
<kw name="When I click on register" library="resources">
<kw name="Click Element" library="SeleniumLibrary">
<doc>Click the element identified by ``locator``.</doc>
<arguments>
<arg>xpath=//*[@id="responsive-navbar-nav"]/div/a[2]</arg>
</arguments>
<msg timestamp="20201206 14:38:59.763" level="INFO">Clicking element 'xpath=//*[@id="responsive-navbar-nav"]/div/a[2]'.</msg>
<status status="PASS" starttime="20201206 14:38:59.762" endtime="20201206 14:38:59.841"></status>
</kw>
<status status="PASS" starttime="20201206 14:38:59.762" endtime="20201206 14:38:59.841"></status>
</kw>
<kw name="And I click on the navbar SuperTracker button" library="resources">
<kw name="Click Element" library="SeleniumLibrary">
<doc>Click the element identified by ``locator``.</doc>
<arguments>
<arg>xpath=//*[@id="root"]/div[1]/nav/a</arg>
</arguments>
<msg timestamp="20201206 14:38:59.842" level="INFO">Clicking element 'xpath=//*[@id="root"]/div[1]/nav/a'.</msg>
<status status="PASS" starttime="20201206 14:38:59.842" endtime="20201206 14:38:59.897"></status>
</kw>
<status status="PASS" starttime="20201206 14:38:59.842" endtime="20201206 14:38:59.898"></status>
</kw>
<kw name="Then I am still on the registration screen" library="resources">
<kw name="Element Text Should Be" library="SeleniumLibrary">
<doc>Verifies that element ``locator`` contains exact the text ``expected``.</doc>
<arguments>
<arg>xpath=//*[@class="h3 mb-3 text-center font-weight-normal"]</arg>
<arg>Create your account</arg>
</arguments>
<msg timestamp="20201206 14:38:59.900" level="INFO">Verifying element 'xpath=//*[@class="h3 mb-3 text-center font-weight-normal"]' contains exact text 'Create your account'.</msg>
<status status="PASS" starttime="20201206 14:38:59.900" endtime="20201206 14:38:59.936"></status>
</kw>
<status status="PASS" starttime="20201206 14:38:59.899" endtime="20201206 14:38:59.936"></status>
</kw>
<kw name="Close" library="resources" type="teardown">
<kw name="Close Browser" library="SeleniumLibrary">
<doc>Closes the current browser.</doc>
<status status="PASS" starttime="20201206 14:38:59.937" endtime="20201206 14:39:02.260"></status>
</kw>
<status status="PASS" starttime="20201206 14:38:59.937" endtime="20201206 14:39:02.260"></status>
</kw>
<tags>
<tag>low</tag>
<tag>Navigation</tag>
</tags>
<status status="PASS" starttime="20201206 14:38:52.844" endtime="20201206 14:39:02.260" critical="yes"></status>
</test>
<status status="PASS" starttime="20201206 14:34:50.928" endtime="20201206 14:39:02.260"></status>
</suite>
<statistics>
<total>
<stat pass="20" fail="0">Critical Tests</stat>
<stat pass="20" fail="0">All Tests</stat>
</total>
<tag>
<stat pass="1" fail="0">Critical</stat>
<stat pass="9" fail="0">Events</stat>
<stat pass="3" fail="0">high</stat>
<stat pass="4" fail="0">Login</stat>
<stat pass="15" fail="0">low</stat>
<stat pass="1" fail="0">medium</stat>
<stat pass="1" fail="0">Navigation</stat>
<stat pass="6" fail="0">Register</stat>
</tag>
<suite>
<stat pass="20" fail="0" id="s1" name="oowlishBDD">oowlishBDD</stat>
</suite>
</statistics>
<errors>
</errors>
</robot>
