<?xml version="1.0" encoding="UTF-8"?>
<robot generator="Robot 3.2.2 (Python 3.9.0 on win32)" generated="20201206 14:15:31.319" rpa="false">
<suite id="s1" name="Register" source="C:\Users\Gabriel\Desktop\oowlishAutomation\testes\register.robot">
<test id="s1-t1" name="Scenario 10: Password different than Password verification">
<kw name="Open" library="resources" type="setup">
<kw name="Open Browser" library="SeleniumLibrary">
<doc>Opens a new browser instance to the optional ``url``.</doc>
<arguments>
<arg>about:blank</arg>
<arg>${BROWSER}</arg>
</arguments>
<msg timestamp="20201206 14:15:31.553" level="INFO">Opening browser 'chrome' to base url 'about:blank'.</msg>
<status status="PASS" starttime="20201206 14:15:31.553" endtime="20201206 14:15:34.772"></status>
</kw>
<status status="PASS" starttime="20201206 14:15:31.553" endtime="20201206 14:15:34.772"></status>
</kw>
<kw name="Given I am at the register screen" library="resources">
<kw name="Given I am at the login screen" library="resources">
<kw name="Go To" library="SeleniumLibrary">
<doc>Navigates the current browser window to the provided ``url``.</doc>
<arguments>
<arg>${URL}</arg>
</arguments>
<msg timestamp="20201206 14:15:34.776" level="INFO">Opening url 'https://supertracker-app.herokuapp.com/login'</msg>
<status status="PASS" starttime="20201206 14:15:34.775" endtime="20201206 14:15:36.446"></status>
</kw>
<kw name="Wait Until Element Is Visible" library="SeleniumLibrary">
<doc>Waits until the element ``locator`` is visible.</doc>
<arguments>
<arg>css=#root &gt; div.app.d-flex.flex-column &gt; main &gt; div &gt; form &gt; h1</arg>
</arguments>
<status status="PASS" starttime="20201206 14:15:36.446" endtime="20201206 14:15:37.882"></status>
</kw>
<kw name="Title Should Be" library="SeleniumLibrary">
<doc>Verifies that the current page title equals ``title``.</doc>
<arguments>
<arg>Login | SuperTracker</arg>
</arguments>
<msg timestamp="20201206 14:15:37.888" level="INFO">Page title is 'Login | SuperTracker'.</msg>
<status status="PASS" starttime="20201206 14:15:37.882" endtime="20201206 14:15:37.888"></status>
</kw>
<status status="PASS" starttime="20201206 14:15:34.774" endtime="20201206 14:15:37.889"></status>
</kw>
<kw name="When I click on register" library="resources">
<kw name="Click Element" library="SeleniumLibrary">
<doc>Click the element identified by ``locator``.</doc>
<arguments>
<arg>xpath=//*[@id="responsive-navbar-nav"]/div/a[2]</arg>
</arguments>
<msg timestamp="20201206 14:15:37.890" level="INFO">Clicking element 'xpath=//*[@id="responsive-navbar-nav"]/div/a[2]'.</msg>
<status status="PASS" starttime="20201206 14:15:37.890" endtime="20201206 14:15:37.953"></status>
</kw>
<status status="PASS" starttime="20201206 14:15:37.889" endtime="20201206 14:15:37.953"></status>
</kw>
<status status="PASS" starttime="20201206 14:15:34.773" endtime="20201206 14:15:37.953"></status>
</kw>
<kw name="When I insert a password different than password confirmation" library="resources">
<kw name="Wait Until Element Is Visible" library="SeleniumLibrary">
<doc>Waits until the element ``locator`` is visible.</doc>
<arguments>
<arg>xpath=//*[@id="root"]/div[1]/main/div/form</arg>
</arguments>
<status status="PASS" starttime="20201206 14:15:37.954" endtime="20201206 14:15:37.987"></status>
</kw>
<kw name="Element Text Should Be" library="SeleniumLibrary">
<doc>Verifies that element ``locator`` contains exact the text ``expected``.</doc>
<arguments>
<arg>xpath=//*[@class="h3 mb-3 text-center font-weight-normal"]</arg>
<arg>Create your account</arg>
</arguments>
<msg timestamp="20201206 14:15:37.987" level="INFO">Verifying element 'xpath=//*[@class="h3 mb-3 text-center font-weight-normal"]' contains exact text 'Create your account'.</msg>
<status status="PASS" starttime="20201206 14:15:37.987" endtime="20201206 14:15:38.006"></status>
</kw>
<kw name="insert a 'password'" library="resources">
<kw name="Run Keyword If" library="BuiltIn">
<doc>Runs the given keyword with the given arguments, if ``condition`` is true.</doc>
<arguments>
<arg>'${PASSWORD}' == 'password'</arg>
<arg>Generate password</arg>
</arguments>
<kw name="Generate password" library="resources">
<kw name="Generate Random String" library="String">
<doc>Generates a string with a desired ``length`` from the given ``chars``.</doc>
<assign>
<var>${PASSWORD}</var>
</assign>
<msg timestamp="20201206 14:15:38.006" level="INFO">${PASSWORD} = rsG6eNpL</msg>
<status status="PASS" starttime="20201206 14:15:38.006" endtime="20201206 14:15:38.006"></status>
</kw>
<kw name="Set Test Variable" library="BuiltIn">
<doc>Makes a variable available everywhere within the scope of the current test.</doc>
<arguments>
<arg>${PASSWORD}</arg>
</arguments>
<msg timestamp="20201206 14:15:38.006" level="INFO">${PASSWORD} = rsG6eNpL</msg>
<status status="PASS" starttime="20201206 14:15:38.006" endtime="20201206 14:15:38.006"></status>
</kw>
<kw name="Input Text" library="SeleniumLibrary">
<doc>Types the given ``text`` into the text field identified by ``locator``.</doc>
<arguments>
<arg>xpath=//*[@id="authPassword"]</arg>
<arg>${PASSWORD}</arg>
</arguments>
<msg timestamp="20201206 14:15:38.006" level="INFO">Typing text 'rsG6eNpL' into text field 'xpath=//*[@id="authPassword"]'.</msg>
<status status="PASS" starttime="20201206 14:15:38.006" endtime="20201206 14:15:38.146"></status>
</kw>
<status status="PASS" starttime="20201206 14:15:38.006" endtime="20201206 14:15:38.146"></status>
</kw>
<status status="PASS" starttime="20201206 14:15:38.006" endtime="20201206 14:15:38.146"></status>
</kw>
<kw name="Run Keyword If" library="BuiltIn">
<doc>Runs the given keyword with the given arguments, if ``condition`` is true.</doc>
<arguments>
<arg>'${PASSWORD}' != 'password'</arg>
<arg>inserting password '${PASSWORD}'</arg>
</arguments>
<kw name="inserting password 'rsG6eNpL'" library="resources">
<kw name="Set Test Variable" library="BuiltIn">
<doc>Makes a variable available everywhere within the scope of the current test.</doc>
<arguments>
<arg>${PASSWORD}</arg>
</arguments>
<msg timestamp="20201206 14:15:38.148" level="INFO">${PASSWORD} = rsG6eNpL</msg>
<status status="PASS" starttime="20201206 14:15:38.148" endtime="20201206 14:15:38.148"></status>
</kw>
<kw name="Input Text" library="SeleniumLibrary">
<doc>Types the given ``text`` into the text field identified by ``locator``.</doc>
<arguments>
<arg>xpath=//*[@id="authPassword"]</arg>
<arg>${PASSWORD}</arg>
</arguments>
<msg timestamp="20201206 14:15:38.148" level="INFO">Typing text 'rsG6eNpL' into text field 'xpath=//*[@id="authPassword"]'.</msg>
<status status="PASS" starttime="20201206 14:15:38.148" endtime="20201206 14:15:38.227"></status>
</kw>
<status status="PASS" starttime="20201206 14:15:38.147" endtime="20201206 14:15:38.227"></status>
</kw>
<status status="PASS" starttime="20201206 14:15:38.147" endtime="20201206 14:15:38.227"></status>
</kw>
<status status="PASS" starttime="20201206 14:15:38.006" endtime="20201206 14:15:38.228"></status>
</kw>
<kw name="insert a confirmation password" library="resources">
<kw name="Generate Random String" library="String">
<doc>Generates a string with a desired ``length`` from the given ``chars``.</doc>
<assign>
<var>${PASSWORD}</var>
</assign>
<msg timestamp="20201206 14:15:38.228" level="INFO">${PASSWORD} = qmWH29UK</msg>
<status status="PASS" starttime="20201206 14:15:38.228" endtime="20201206 14:15:38.228"></status>
</kw>
<kw name="Set Test Variable" library="BuiltIn">
<doc>Makes a variable available everywhere within the scope of the current test.</doc>
<arguments>
<arg>${PASSWORD}</arg>
</arguments>
<msg timestamp="20201206 14:15:38.229" level="INFO">${PASSWORD} = qmWH29UK</msg>
<status status="PASS" starttime="20201206 14:15:38.228" endtime="20201206 14:15:38.229"></status>
</kw>
<kw name="Input Text" library="SeleniumLibrary">
<doc>Types the given ``text`` into the text field identified by ``locator``.</doc>
<arguments>
<arg>xpath=//*[@id="authConfirmPassword"]</arg>
<arg>${PASSWORD}</arg>
</arguments>
<msg timestamp="20201206 14:15:38.229" level="INFO">Typing text 'qmWH29UK' into text field 'xpath=//*[@id="authConfirmPassword"]'.</msg>
<status status="PASS" starttime="20201206 14:15:38.229" endtime="20201206 14:15:38.339"></status>
</kw>
<status status="PASS" starttime="20201206 14:15:38.228" endtime="20201206 14:15:38.339"></status>
</kw>
<status status="PASS" starttime="20201206 14:15:37.953" endtime="20201206 14:15:38.339"></status>
</kw>
<kw name="And fill emails" library="resources">
<kw name="Generate Random String" library="String">
<doc>Generates a string with a desired ``length`` from the given ``chars``.</doc>
<assign>
<var>${EMAIL}</var>
</assign>
<msg timestamp="20201206 14:15:38.341" level="INFO">${EMAIL} = GGgbP8DQ</msg>
<status status="PASS" starttime="20201206 14:15:38.340" endtime="20201206 14:15:38.341"></status>
</kw>
<kw name="Set Test Variable" library="BuiltIn">
<doc>Makes a variable available everywhere within the scope of the current test.</doc>
<arguments>
<arg>${EMAIL}</arg>
</arguments>
<msg timestamp="20201206 14:15:38.341" level="INFO">${EMAIL} = GGgbP8DQ</msg>
<status status="PASS" starttime="20201206 14:15:38.341" endtime="20201206 14:15:38.341"></status>
</kw>
<kw name="Input Text" library="SeleniumLibrary">
<doc>Types the given ``text`` into the text field identified by ``locator``.</doc>
<arguments>
<arg>xpath=//*[@id="authEmail"]</arg>
<arg>${EMAIL}@${EMAIL}.com</arg>
</arguments>
<msg timestamp="20201206 14:15:38.342" level="INFO">Typing text 'GGgbP8DQ@GGgbP8DQ.com' into text field 'xpath=//*[@id="authEmail"]'.</msg>
<status status="PASS" starttime="20201206 14:15:38.341" endtime="20201206 14:15:38.493"></status>
</kw>
<kw name="Input Text" library="SeleniumLibrary">
<doc>Types the given ``text`` into the text field identified by ``locator``.</doc>
<arguments>
<arg>xpath=//*[@id="authConfirmEmail"]</arg>
<arg>${EMAIL}@${EMAIL}.com</arg>
</arguments>
<msg timestamp="20201206 14:15:38.494" level="INFO">Typing text 'GGgbP8DQ@GGgbP8DQ.com' into text field 'xpath=//*[@id="authConfirmEmail"]'.</msg>
<status status="PASS" starttime="20201206 14:15:38.493" endtime="20201206 14:15:38.658"></status>
</kw>
<status status="PASS" starttime="20201206 14:15:38.339" endtime="20201206 14:15:38.659"></status>
</kw>
<kw name="Capture Page Screenshot" library="SeleniumLibrary">
<doc>Takes a screenshot of the current page and embeds it into a log file.</doc>
<arguments>
<arg>password_different.png</arg>
</arguments>
<msg timestamp="20201206 14:15:38.986" level="INFO" html="yes">&lt;/td&gt;&lt;/tr&gt;&lt;tr&gt;&lt;td colspan="3"&gt;&lt;a href="password_different.png"&gt;&lt;img src="password_different.png" width="800px"&gt;&lt;/a&gt;</msg>
<status status="PASS" starttime="20201206 14:15:38.659" endtime="20201206 14:15:38.986"></status>
</kw>
<kw name="And click on the register button" library="resources">
<kw name="Click Button" library="SeleniumLibrary">
<doc>Clicks the button identified by ``locator``.</doc>
<arguments>
<arg>xpath=//*[@id="root"]/div[1]/main/div/form/button</arg>
</arguments>
<msg timestamp="20201206 14:15:38.987" level="INFO">Clicking button 'xpath=//*[@id="root"]/div[1]/main/div/form/button'.</msg>
<status status="PASS" starttime="20201206 14:15:38.987" endtime="20201206 14:15:39.070"></status>
</kw>
<status status="PASS" starttime="20201206 14:15:38.986" endtime="20201206 14:15:39.071"></status>
</kw>
<kw name="Then you will be logged in" library="resources">
<kw name="Wait Until Element Is Visible" library="SeleniumLibrary">
<doc>Waits until the element ``locator`` is visible.</doc>
<arguments>
<arg>xpath=//*[@id="root"]/div[1]/main/div[1]/div/div/button</arg>
</arguments>
<status status="PASS" starttime="20201206 14:15:39.072" endtime="20201206 14:15:41.452"></status>
</kw>
<kw name="Wait Until Element Is Visible" library="SeleniumLibrary">
<doc>Waits until the element ``locator`` is visible.</doc>
<arguments>
<arg>xpath=//*[@id="root"]/div[1]/main/div[2]/div/div/div[1]</arg>
</arguments>
<status status="PASS" starttime="20201206 14:15:41.452" endtime="20201206 14:15:41.473"></status>
</kw>
<kw name="Title Should Be" library="SeleniumLibrary">
<doc>Verifies that the current page title equals ``title``.</doc>
<arguments>
<arg>Timesheet | SuperTracker</arg>
</arguments>
<msg timestamp="20201206 14:15:41.477" level="INFO">Page title is 'Timesheet | SuperTracker'.</msg>
<status status="PASS" starttime="20201206 14:15:41.473" endtime="20201206 14:15:41.477"></status>
</kw>
<status status="PASS" starttime="20201206 14:15:39.071" endtime="20201206 14:15:41.478"></status>
</kw>
<kw name="Close" library="resources" type="teardown">
<kw name="Close Browser" library="SeleniumLibrary">
<doc>Closes the current browser.</doc>
<status status="PASS" starttime="20201206 14:15:41.479" endtime="20201206 14:15:44.863"></status>
</kw>
<status status="PASS" starttime="20201206 14:15:41.478" endtime="20201206 14:15:44.864"></status>
</kw>
<tags>
<tag>high</tag>
<tag>Register</tag>
</tags>
<status status="PASS" starttime="20201206 14:15:31.553" endtime="20201206 14:15:44.864" critical="yes"></status>
</test>
<status status="PASS" starttime="20201206 14:15:31.319" endtime="20201206 14:15:44.866"></status>
</suite>
<statistics>
<total>
<stat pass="1" fail="0">Critical Tests</stat>
<stat pass="1" fail="0">All Tests</stat>
</total>
<tag>
<stat pass="1" fail="0">high</stat>
<stat pass="1" fail="0">Register</stat>
</tag>
<suite>
<stat pass="1" fail="0" id="s1" name="Register">Register</stat>
</suite>
</statistics>
<errors>
</errors>
</robot>
